#
# There is insufficient memory for the Java Runtime Environment to continue.
# Native memory allocation (mmap) failed to map 45088768 bytes for G1 virtual space
# Possible reasons:
#   The system is out of physical RAM or swap space
#   The process is running with CompressedOops enabled, and the Java Heap may be blocking the growth of the native heap
# Possible solutions:
#   Reduce memory load on the system
#   Increase physical memory or swap space
#   Check if swap backing store is full
#   Decrease Java heap size (-Xmx/-Xms)
#   Decrease number of Java threads
#   Decrease Java thread stack sizes (-Xss)
#   Set larger code cache with -XX:ReservedCodeCacheSize=
#   JVM is running with Unscaled Compressed Oops mode in which the Java heap is
#     placed in the first 4GB address space. The Java Heap base address is the
#     maximum limit for the native heap growth. Please use -XX:HeapBaseMinAddress
#     to set the Java Heap base and to place the Java Heap above 4GB virtual address.
# This output file may be truncated or incomplete.
#
#  Out of Memory Error (os_windows.cpp:3825), pid=15108, tid=18608
#
# JRE version: OpenJDK Runtime Environment (17.0.10) (build 17.0.10+0--11609105)
# Java VM: OpenJDK 64-Bit Server VM (17.0.10+0--11609105, mixed mode, tiered, compressed oops, compressed class ptrs, g1 gc, windows-amd64)
# No core dump will be written. Minidumps are not enabled by default on client versions of Windows
#

---------------  S U M M A R Y ------------

Command Line: --add-opens=java.base/java.util=ALL-UNNAMED --add-opens=java.base/java.lang=ALL-UNNAMED --add-opens=java.base/java.lang.invoke=ALL-UNNAMED --add-opens=java.prefs/java.util.prefs=ALL-UNNAMED --add-opens=java.base/java.nio.charset=ALL-UNNAMED --add-opens=java.base/java.net=ALL-UNNAMED --add-opens=java.base/java.util.concurrent.atomic=ALL-UNNAMED -Xmx2048m -Dfile.encoding=UTF-8 -Duser.country=ES -Duser.language=es -Duser.variant -javaagent:C:\Users\Juanfi\.gradle\wrapper\dists\gradle-8.4-all\56r6xik2f6skrm47et0ibifug\gradle-8.4\lib\agents\gradle-instrumentation-agent-8.4.jar org.gradle.launcher.daemon.bootstrap.GradleDaemon 8.4

Host: Intel(R) Core(TM) i7-8750H CPU @ 2.20GHz, 12 cores, 15G,  Windows 10 , 64 bit Build 19041 (10.0.19041.5198)
Time: Sat Feb  1 23:39:00 2025 Hora estándar romance elapsed time: 13.781500 seconds (0d 0h 0m 13s)

---------------  T H R E A D  ---------------

Current thread (0x00000152a679bfa0):  VMThread "VM Thread" [stack: 0x0000000bb5900000,0x0000000bb5a00000] [id=18608]

Stack: [0x0000000bb5900000,0x0000000bb5a00000]
Native frames: (J=compiled Java code, j=interpreted, Vv=VM code, C=native code)
V  [jvm.dll+0x688de9]
V  [jvm.dll+0x8423da]
V  [jvm.dll+0x84401e]
V  [jvm.dll+0x844683]
V  [jvm.dll+0x24be0f]
V  [jvm.dll+0x685bb9]
V  [jvm.dll+0x67a46a]
V  [jvm.dll+0x30cbab]
V  [jvm.dll+0x314056]
V  [jvm.dll+0x363dce]
V  [jvm.dll+0x363fff]
V  [jvm.dll+0x2e2978]
V  [jvm.dll+0x2e0b54]
V  [jvm.dll+0x2e015c]
V  [jvm.dll+0x32502b]
V  [jvm.dll+0x848d7b]
V  [jvm.dll+0x849ac1]
V  [jvm.dll+0x849fdd]
V  [jvm.dll+0x84a3b4]
V  [jvm.dll+0x84a480]
V  [jvm.dll+0x7f0c7a]
V  [jvm.dll+0x687c65]
C  [ucrtbase.dll+0x21bb2]
C  [KERNEL32.DLL+0x17374]
C  [ntdll.dll+0x4cc91]

VM_Operation (0x0000000bb82fd130): G1CollectForAllocation, mode: safepoint, requested by thread 0x00000152acb132d0


---------------  P R O C E S S  ---------------

Threads class SMR info:
_java_thread_list=0x00000152af0e9ac0, length=47, elements={
0x000001528c4d6eb0, 0x00000152a692ac70, 0x00000152a692c420, 0x00000152a69708e0,
0x00000152a69732c0, 0x00000152a6973b90, 0x00000152a6974460, 0x00000152a6975800,
0x00000152a6978be0, 0x00000152a697c520, 0x00000152a677fcb0, 0x00000152a6c3bb20,
0x00000152ad857a10, 0x00000152acffb010, 0x00000152ac7e88c0, 0x00000152acc7cdd0,
0x00000152acddcd10, 0x00000152ad185180, 0x00000152ac632470, 0x00000152acb123a0,
0x00000152acb10a50, 0x00000152acb11470, 0x00000152acb11980, 0x00000152acb10f60,
0x00000152acb14200, 0x00000152acb12dc0, 0x00000152acb137e0, 0x00000152acb11e90,
0x00000152acb128b0, 0x00000152acb132d0, 0x00000152af33b3d0, 0x00000152af33b8e0,
0x00000152af339a80, 0x00000152af33aec0, 0x00000152af33a9b0, 0x00000152af33bdf0,
0x00000152af33c300, 0x00000152af33c810, 0x00000152af339060, 0x00000152a6978690,
0x00000152af339570, 0x00000152af339f90, 0x00000152af33a4a0, 0x00000152ad8ebb50,
0x00000152ad8ea200, 0x00000152ad8ea710, 0x00000152af956480
}

Java Threads: ( => current thread )
  0x000001528c4d6eb0 JavaThread "main" [_thread_blocked, id=23176, stack(0x0000000bb5300000,0x0000000bb5400000)]
  0x00000152a692ac70 JavaThread "Reference Handler" daemon [_thread_blocked, id=8896, stack(0x0000000bb5a00000,0x0000000bb5b00000)]
  0x00000152a692c420 JavaThread "Finalizer" daemon [_thread_blocked, id=5800, stack(0x0000000bb5b00000,0x0000000bb5c00000)]
  0x00000152a69708e0 JavaThread "Signal Dispatcher" daemon [_thread_blocked, id=24460, stack(0x0000000bb5c00000,0x0000000bb5d00000)]
  0x00000152a69732c0 JavaThread "Attach Listener" daemon [_thread_blocked, id=23680, stack(0x0000000bb5d00000,0x0000000bb5e00000)]
  0x00000152a6973b90 JavaThread "Service Thread" daemon [_thread_blocked, id=21640, stack(0x0000000bb5e00000,0x0000000bb5f00000)]
  0x00000152a6974460 JavaThread "Monitor Deflation Thread" daemon [_thread_blocked, id=23644, stack(0x0000000bb5f00000,0x0000000bb6000000)]
  0x00000152a6975800 JavaThread "C2 CompilerThread0" daemon [_thread_blocked, id=12676, stack(0x0000000bb6000000,0x0000000bb6100000)]
  0x00000152a6978be0 JavaThread "C1 CompilerThread0" daemon [_thread_blocked, id=13108, stack(0x0000000bb6100000,0x0000000bb6200000)]
  0x00000152a697c520 JavaThread "Sweeper thread" daemon [_thread_blocked, id=15956, stack(0x0000000bb6200000,0x0000000bb6300000)]
  0x00000152a677fcb0 JavaThread "Common-Cleaner" daemon [_thread_blocked, id=3952, stack(0x0000000bb6300000,0x0000000bb6400000)]
  0x00000152a6c3bb20 JavaThread "Notification Thread" daemon [_thread_blocked, id=16728, stack(0x0000000bb6400000,0x0000000bb6500000)]
  0x00000152ad857a10 JavaThread "Daemon health stats" [_thread_blocked, id=17284, stack(0x0000000bb6d00000,0x0000000bb6e00000)]
  0x00000152acffb010 JavaThread "Incoming local TCP Connector on port 57059" [_thread_in_native, id=23736, stack(0x0000000bb6600000,0x0000000bb6700000)]
  0x00000152ac7e88c0 JavaThread "Daemon periodic checks" [_thread_blocked, id=22516, stack(0x0000000bb6700000,0x0000000bb6800000)]
  0x00000152acc7cdd0 JavaThread "Daemon" [_thread_blocked, id=17332, stack(0x0000000bb6e00000,0x0000000bb6f00000)]
  0x00000152acddcd10 JavaThread "Handler for socket connection from /127.0.0.1:57059 to /127.0.0.1:57060" [_thread_in_native, id=20520, stack(0x0000000bb6f00000,0x0000000bb7000000)]
  0x00000152ad185180 JavaThread "Cancel handler" [_thread_blocked, id=4612, stack(0x0000000bb7000000,0x0000000bb7100000)]
  0x00000152ac632470 JavaThread "Daemon worker" [_thread_blocked, id=16884, stack(0x0000000bb7100000,0x0000000bb7200000)]
  0x00000152acb123a0 JavaThread "Asynchronous log dispatcher for DefaultDaemonConnection: socket connection from /127.0.0.1:57059 to /127.0.0.1:57060" [_thread_blocked, id=9408, stack(0x0000000bb7200000,0x0000000bb7300000)]
  0x00000152acb10a50 JavaThread "Stdin handler" [_thread_blocked, id=15244, stack(0x0000000bb7300000,0x0000000bb7400000)]
  0x00000152acb11470 JavaThread "Daemon client event forwarder" [_thread_blocked, id=2876, stack(0x0000000bb7400000,0x0000000bb7500000)]
  0x00000152acb11980 JavaThread "Cache worker for journal cache (C:\Users\Juanfi\.gradle\caches\journal-1)" [_thread_blocked, id=22152, stack(0x0000000bb7c00000,0x0000000bb7d00000)]
  0x00000152acb10f60 JavaThread "File lock request listener" [_thread_in_native, id=21372, stack(0x0000000bb7d00000,0x0000000bb7e00000)]
  0x00000152acb14200 JavaThread "Cache worker for file hash cache (C:\Users\Juanfi\.gradle\caches\8.4\fileHashes)" [_thread_blocked, id=22524, stack(0x0000000bb7e00000,0x0000000bb7f00000)]
  0x00000152acb12dc0 JavaThread "File watcher server" daemon [_thread_in_native, id=21820, stack(0x0000000bb8000000,0x0000000bb8100000)]
  0x00000152acb137e0 JavaThread "File watcher consumer" daemon [_thread_blocked, id=23184, stack(0x0000000bb8100000,0x0000000bb8200000)]
  0x00000152acb11e90 JavaThread "jar transforms" [_thread_blocked, id=5432, stack(0x0000000bb7b00000,0x0000000bb7c00000)]
  0x00000152acb128b0 JavaThread "jar transforms Thread 2" [_thread_blocked, id=1884, stack(0x0000000bb7f00000,0x0000000bb8000000)]
  0x00000152acb132d0 JavaThread "jar transforms Thread 3" [_thread_blocked, id=22320, stack(0x0000000bb8200000,0x0000000bb8300000)]
  0x00000152af33b3d0 JavaThread "jar transforms Thread 4" [_thread_blocked, id=16644, stack(0x0000000bb8300000,0x0000000bb8400000)]
  0x00000152af33b8e0 JavaThread "jar transforms Thread 5" [_thread_blocked, id=15024, stack(0x0000000bb8400000,0x0000000bb8500000)]
  0x00000152af339a80 JavaThread "jar transforms Thread 6" [_thread_blocked, id=22096, stack(0x0000000bb8500000,0x0000000bb8600000)]
  0x00000152af33aec0 JavaThread "jar transforms Thread 7" [_thread_blocked, id=4368, stack(0x0000000bb8600000,0x0000000bb8700000)]
  0x00000152af33a9b0 JavaThread "jar transforms Thread 8" [_thread_blocked, id=22236, stack(0x0000000bb8700000,0x0000000bb8800000)]
  0x00000152af33bdf0 JavaThread "jar transforms Thread 9" [_thread_blocked, id=296, stack(0x0000000bb8800000,0x0000000bb8900000)]
  0x00000152af33c300 JavaThread "jar transforms Thread 10" [_thread_blocked, id=18588, stack(0x0000000bb8900000,0x0000000bb8a00000)]
  0x00000152af33c810 JavaThread "jar transforms Thread 11" [_thread_blocked, id=17992, stack(0x0000000bb8a00000,0x0000000bb8b00000)]
  0x00000152af339060 JavaThread "jar transforms Thread 12" [_thread_blocked, id=22076, stack(0x0000000bb8b00000,0x0000000bb8c00000)]
  0x00000152a6978690 JavaThread "C2 CompilerThread1" daemon [_thread_in_native, id=20092, stack(0x0000000bb8c00000,0x0000000bb8d00000)]
  0x00000152af339570 JavaThread "Cache worker for checksums cache (C:\Users\Juanfi\AndroidStudioProjects\MisNotas\.gradle\8.4\checksums)" [_thread_blocked, id=19812, stack(0x0000000bb8e00000,0x0000000bb8f00000)]
  0x00000152af339f90 JavaThread "Cache worker for file hash cache (C:\Users\Juanfi\AndroidStudioProjects\MisNotas\.gradle\8.4\fileHashes)" [_thread_blocked, id=1092, stack(0x0000000bb8f00000,0x0000000bb9000000)]
  0x00000152af33a4a0 JavaThread "Cache worker for cache directory md-supplier (C:\Users\Juanfi\.gradle\caches\8.4\md-supplier)" [_thread_blocked, id=9616, stack(0x0000000bb9000000,0x0000000bb9100000)]
  0x00000152ad8ebb50 JavaThread "Cache worker for file content cache (C:\Users\Juanfi\.gradle\caches\8.4\fileContent)" [_thread_blocked, id=21736, stack(0x0000000bb9100000,0x0000000bb9200000)]
  0x00000152ad8ea200 JavaThread "Cache worker for cache directory md-rule (C:\Users\Juanfi\.gradle\caches\8.4\md-rule)" [_thread_blocked, id=320, stack(0x0000000bb9200000,0x0000000bb9300000)]
  0x00000152ad8ea710 JavaThread "Cache worker for execution history cache (C:\Users\Juanfi\.gradle\caches\8.4\executionHistory)" [_thread_blocked, id=22908, stack(0x0000000bb9300000,0x0000000bb9400000)]
  0x00000152af956480 JavaThread "C2 CompilerThread2" daemon [_thread_blocked, id=19968, stack(0x0000000bb8d00000,0x0000000bb8e00000)]

Other Threads:
=>0x00000152a679bfa0 VMThread "VM Thread" [stack: 0x0000000bb5900000,0x0000000bb5a00000] [id=18608]
  0x00000152a6c21c50 WatcherThread [stack: 0x0000000bb6500000,0x0000000bb6600000] [id=22576]
  0x000001528a40e800 GCTaskThread "GC Thread#0" [stack: 0x0000000bb5400000,0x0000000bb5500000] [id=20916]
  0x00000152ab59b5f0 GCTaskThread "GC Thread#1" [stack: 0x0000000bb6800000,0x0000000bb6900000] [id=22512]
  0x00000152ab59b8b0 GCTaskThread "GC Thread#2" [stack: 0x0000000bb6900000,0x0000000bb6a00000] [id=14368]
  0x00000152abe6cde0 GCTaskThread "GC Thread#3" [stack: 0x0000000bb6a00000,0x0000000bb6b00000] [id=11852]
  0x00000152abe6d0a0 GCTaskThread "GC Thread#4" [stack: 0x0000000bb6b00000,0x0000000bb6c00000] [id=7944]
  0x00000152ab32d2c0 GCTaskThread "GC Thread#5" [stack: 0x0000000bb6c00000,0x0000000bb6d00000] [id=19276]
  0x00000152ad3aa2d0 GCTaskThread "GC Thread#6" [stack: 0x0000000bb7500000,0x0000000bb7600000] [id=18960]
  0x00000152acb17230 GCTaskThread "GC Thread#7" [stack: 0x0000000bb7600000,0x0000000bb7700000] [id=17848]
  0x00000152ada2db80 GCTaskThread "GC Thread#8" [stack: 0x0000000bb7700000,0x0000000bb7800000] [id=15616]
  0x00000152ad1113a0 GCTaskThread "GC Thread#9" [stack: 0x0000000bb7800000,0x0000000bb7900000] [id=24360]
  0x000001528c53f550 ConcurrentGCThread "G1 Main Marker" [stack: 0x0000000bb5500000,0x0000000bb5600000] [id=20864]
  0x000001528c540e90 ConcurrentGCThread "G1 Conc#0" [stack: 0x0000000bb5600000,0x0000000bb5700000] [id=8892]
  0x00000152ac669800 ConcurrentGCThread "G1 Conc#1" [stack: 0x0000000bb7900000,0x0000000bb7a00000] [id=24564]
  0x00000152acee6980 ConcurrentGCThread "G1 Conc#2" [stack: 0x0000000bb7a00000,0x0000000bb7b00000] [id=1908]
  0x000001528c58e0a0 ConcurrentGCThread "G1 Refine#0" [stack: 0x0000000bb5700000,0x0000000bb5800000] [id=17444]
  0x000001528c58e9e0 ConcurrentGCThread "G1 Service" [stack: 0x0000000bb5800000,0x0000000bb5900000] [id=20824]

Threads with active compile tasks:
C2 CompilerThread0    13817 7012       4       org.gradle.api.internal.changedetection.state.PropertiesFileAwareClasspathResourceHasher::hash (6 bytes)
C2 CompilerThread1    13817 6971       4       org.objectweb.asm.ClassReader::readCode (5117 bytes)
C2 CompilerThread2    13817 7011   !   4       java.net.URLClassLoader::findClass (47 bytes)

VM state: at safepoint (normal execution)

VM Mutex/Monitor currently owned by a thread:  ([mutex/lock_event])
[0x000001528c4d1d80] Threads_lock - owner thread: 0x00000152a679bfa0
[0x000001528c4d2050] Heap_lock - owner thread: 0x00000152acb132d0

Heap address: 0x0000000080000000, size: 2048 MB, Compressed Oops mode: 32-bit

CDS archive(s) not mapped
Compressed class space mapped at: 0x0000000100000000-0x0000000140000000, reserved size: 1073741824
Narrow klass base: 0x0000000000000000, Narrow klass shift: 3, Narrow klass range: 0x140000000

GC Precious Log:
 CPUs: 12 total, 12 available
 Memory: 16257M
 Large Page Support: Disabled
 NUMA Support: Disabled
 Compressed Oops: Enabled (32-bit)
 Heap Region Size: 1M
 Heap Min Capacity: 8M
 Heap Initial Capacity: 256M
 Heap Max Capacity: 2G
 Pre-touch: Disabled
 Parallel Workers: 10
 Concurrent Workers: 3
 Concurrent Refinement Workers: 10
 Periodic GC: Disabled

Heap:
 garbage-first heap   total 217088K, used 68914K [0x0000000080000000, 0x0000000100000000)
  region size 1024K, 9 young (9216K), 9 survivors (9216K)
 Metaspace       used 55526K, committed 55936K, reserved 1114112K
  class space    used 7387K, committed 7552K, reserved 1048576K

Heap Regions: E=young(eden), S=young(survivor), O=old, HS=humongous(starts), HC=humongous(continues), CS=collection set, F=free, OA=open archive, CA=closed archive, TAMS=top-at-mark-start (previous, next)
|   0|0x0000000080000000, 0x0000000080100000, 0x0000000080100000|100%|HS|  |TAMS 0x0000000080100000, 0x0000000080000000| Complete 
|   1|0x0000000080100000, 0x0000000080200000, 0x0000000080200000|100%|HC|  |TAMS 0x0000000080200000, 0x0000000080100000| Complete 
|   2|0x0000000080200000, 0x0000000080300000, 0x0000000080300000|100%|HC|  |TAMS 0x0000000080300000, 0x0000000080200000| Complete 
|   3|0x0000000080300000, 0x0000000080400000, 0x0000000080400000|100%|HC|  |TAMS 0x0000000080400000, 0x0000000080300000| Complete 
|   4|0x0000000080400000, 0x0000000080500000, 0x0000000080500000|100%| O|  |TAMS 0x0000000080500000, 0x0000000080400000| Untracked 
|   5|0x0000000080500000, 0x0000000080600000, 0x0000000080600000|100%| O|  |TAMS 0x0000000080600000, 0x0000000080500000| Untracked 
|   6|0x0000000080600000, 0x0000000080700000, 0x0000000080700000|100%| O|  |TAMS 0x0000000080700000, 0x0000000080600000| Untracked 
|   7|0x0000000080700000, 0x0000000080800000, 0x0000000080800000|100%| O|  |TAMS 0x0000000080800000, 0x0000000080700000| Untracked 
|   8|0x0000000080800000, 0x0000000080900000, 0x0000000080900000|100%| O|  |TAMS 0x0000000080900000, 0x0000000080800000| Untracked 
|   9|0x0000000080900000, 0x0000000080a00000, 0x0000000080a00000|100%| O|  |TAMS 0x0000000080a00000, 0x0000000080900000| Untracked 
|  10|0x0000000080a00000, 0x0000000080a6ae00, 0x0000000080b00000| 41%| O|  |TAMS 0x0000000080a6ae00, 0x0000000080a00000| Untracked 
|  11|0x0000000080b00000, 0x0000000080c00000, 0x0000000080c00000|100%| O|  |TAMS 0x0000000080c00000, 0x0000000080b00000| Untracked 
|  12|0x0000000080c00000, 0x0000000080d00000, 0x0000000080d00000|100%| O|  |TAMS 0x0000000080d00000, 0x0000000080c00000| Untracked 
|  13|0x0000000080d00000, 0x0000000080e00000, 0x0000000080e00000|100%| O|  |TAMS 0x0000000080e00000, 0x0000000080d00000| Untracked 
|  14|0x0000000080e00000, 0x0000000080f00000, 0x0000000080f00000|100%| O|  |TAMS 0x0000000080f00000, 0x0000000080e00000| Untracked 
|  15|0x0000000080f00000, 0x0000000081000000, 0x0000000081000000|100%| O|  |TAMS 0x0000000081000000, 0x0000000080f00000| Untracked 
|  16|0x0000000081000000, 0x0000000081100000, 0x0000000081100000|100%| O|  |TAMS 0x0000000081100000, 0x0000000081000000| Untracked 
|  17|0x0000000081100000, 0x0000000081200000, 0x0000000081200000|100%| O|  |TAMS 0x0000000081200000, 0x0000000081100000| Untracked 
|  18|0x0000000081200000, 0x0000000081300000, 0x0000000081300000|100%| O|  |TAMS 0x0000000081300000, 0x0000000081200000| Untracked 
|  19|0x0000000081300000, 0x0000000081400000, 0x0000000081400000|100%| O|  |TAMS 0x0000000081400000, 0x0000000081300000| Untracked 
|  20|0x0000000081400000, 0x0000000081500000, 0x0000000081500000|100%|HS|  |TAMS 0x0000000081500000, 0x0000000081400000| Complete 
|  21|0x0000000081500000, 0x0000000081600000, 0x0000000081600000|100%|HC|  |TAMS 0x0000000081600000, 0x0000000081500000| Complete 
|  22|0x0000000081600000, 0x0000000081700000, 0x0000000081700000|100%|HC|  |TAMS 0x0000000081700000, 0x0000000081600000| Complete 
|  23|0x0000000081700000, 0x0000000081800000, 0x0000000081800000|100%|HC|  |TAMS 0x0000000081800000, 0x0000000081700000| Complete 
|  24|0x0000000081800000, 0x0000000081900000, 0x0000000081900000|100%|HC|  |TAMS 0x0000000081900000, 0x0000000081800000| Complete 
|  25|0x0000000081900000, 0x0000000081a00000, 0x0000000081a00000|100%|HS|  |TAMS 0x0000000081a00000, 0x0000000081900000| Complete 
|  26|0x0000000081a00000, 0x0000000081b00000, 0x0000000081b00000|100%|HC|  |TAMS 0x0000000081b00000, 0x0000000081a00000| Complete 
|  27|0x0000000081b00000, 0x0000000081c00000, 0x0000000081c00000|100%|HC|  |TAMS 0x0000000081c00000, 0x0000000081b00000| Complete 
|  28|0x0000000081c00000, 0x0000000081d00000, 0x0000000081d00000|100%|HS|  |TAMS 0x0000000081d00000, 0x0000000081c00000| Complete 
|  29|0x0000000081d00000, 0x0000000081e00000, 0x0000000081e00000|100%|HC|  |TAMS 0x0000000081e00000, 0x0000000081d00000| Complete 
|  30|0x0000000081e00000, 0x0000000081f00000, 0x0000000081f00000|100%|HC|  |TAMS 0x0000000081f00000, 0x0000000081e00000| Complete 
|  31|0x0000000081f00000, 0x0000000082000000, 0x0000000082000000|100%| O|  |TAMS 0x0000000082000000, 0x0000000081f00000| Untracked 
|  32|0x0000000082000000, 0x0000000082100000, 0x0000000082100000|100%| O|  |TAMS 0x0000000082100000, 0x0000000082000000| Untracked 
|  33|0x0000000082100000, 0x0000000082200000, 0x0000000082200000|100%| O|  |TAMS 0x0000000082200000, 0x0000000082100000| Untracked 
|  34|0x0000000082200000, 0x0000000082300000, 0x0000000082300000|100%|HS|  |TAMS 0x0000000082300000, 0x0000000082200000| Complete 
|  35|0x0000000082300000, 0x0000000082400000, 0x0000000082400000|100%| O|  |TAMS 0x0000000082400000, 0x0000000082300000| Untracked 
|  36|0x0000000082400000, 0x0000000082500000, 0x0000000082500000|100%| O|  |TAMS 0x0000000082500000, 0x0000000082400000| Untracked 
|  37|0x0000000082500000, 0x0000000082600000, 0x0000000082600000|100%| O|  |TAMS 0x0000000082600000, 0x0000000082500000| Untracked 
|  38|0x0000000082600000, 0x0000000082700000, 0x0000000082700000|100%| O|  |TAMS 0x0000000082700000, 0x0000000082600000| Untracked 
|  39|0x0000000082700000, 0x0000000082800000, 0x0000000082800000|100%| O|  |TAMS 0x0000000082800000, 0x0000000082700000| Untracked 
|  40|0x0000000082800000, 0x0000000082900000, 0x0000000082900000|100%| O|  |TAMS 0x0000000082900000, 0x0000000082800000| Untracked 
|  41|0x0000000082900000, 0x0000000082a00000, 0x0000000082a00000|100%| O|  |TAMS 0x0000000082a00000, 0x0000000082900000| Untracked 
|  42|0x0000000082a00000, 0x0000000082b00000, 0x0000000082b00000|100%| O|  |TAMS 0x0000000082b00000, 0x0000000082a00000| Untracked 
|  43|0x0000000082b00000, 0x0000000082c00000, 0x0000000082c00000|100%| O|  |TAMS 0x0000000082c00000, 0x0000000082b00000| Untracked 
|  44|0x0000000082c00000, 0x0000000082d00000, 0x0000000082d00000|100%| O|  |TAMS 0x0000000082d00000, 0x0000000082c00000| Untracked 
|  45|0x0000000082d00000, 0x0000000082e00000, 0x0000000082e00000|100%| O|  |TAMS 0x0000000082e00000, 0x0000000082d00000| Untracked 
|  46|0x0000000082e00000, 0x0000000082f00000, 0x0000000082f00000|100%| O|  |TAMS 0x0000000082f00000, 0x0000000082e00000| Untracked 
|  47|0x0000000082f00000, 0x0000000083000000, 0x0000000083000000|100%| O|  |TAMS 0x0000000083000000, 0x0000000082f00000| Untracked 
|  48|0x0000000083000000, 0x0000000083100000, 0x0000000083100000|100%| O|  |TAMS 0x0000000083100000, 0x0000000083000000| Untracked 
|  49|0x0000000083100000, 0x0000000083200000, 0x0000000083200000|100%| O|  |TAMS 0x0000000083100000, 0x0000000083100000| Untracked 
|  50|0x0000000083200000, 0x0000000083300000, 0x0000000083300000|100%| O|  |TAMS 0x0000000083200000, 0x0000000083200000| Untracked 
|  51|0x0000000083300000, 0x0000000083400000, 0x0000000083400000|100%| O|  |TAMS 0x0000000083300000, 0x0000000083300000| Untracked 
|  52|0x0000000083400000, 0x0000000083500000, 0x0000000083500000|100%| O|  |TAMS 0x00000000834ffe00, 0x0000000083400000| Untracked 
|  53|0x0000000083500000, 0x0000000083600000, 0x0000000083600000|100%|HS|  |TAMS 0x0000000083500000, 0x0000000083500000| Complete 
|  54|0x0000000083600000, 0x0000000083700000, 0x0000000083700000|100%|HC|  |TAMS 0x0000000083600000, 0x0000000083600000| Complete 
|  55|0x0000000083700000, 0x0000000083800000, 0x0000000083800000|100%|HC|  |TAMS 0x0000000083700000, 0x0000000083700000| Complete 
|  56|0x0000000083800000, 0x0000000083900000, 0x0000000083900000|100%|HC|  |TAMS 0x0000000083800000, 0x0000000083800000| Complete 
|  57|0x0000000083900000, 0x0000000083a00000, 0x0000000083a00000|100%|HC|  |TAMS 0x0000000083900000, 0x0000000083900000| Complete 
|  58|0x0000000083a00000, 0x0000000083b00000, 0x0000000083b00000|100%| O|  |TAMS 0x0000000083a00000, 0x0000000083a00000| Untracked 
|  59|0x0000000083b00000, 0x0000000083b70800, 0x0000000083c00000| 43%| O|  |TAMS 0x0000000083b00000, 0x0000000083b00000| Untracked 
|  60|0x0000000083c00000, 0x0000000083c00000, 0x0000000083d00000|  0%| F|  |TAMS 0x0000000083c00000, 0x0000000083c00000| Untracked 
|  61|0x0000000083d00000, 0x0000000083d00000, 0x0000000083e00000|  0%| F|  |TAMS 0x0000000083d00000, 0x0000000083d00000| Untracked 
|  62|0x0000000083e00000, 0x0000000083e00000, 0x0000000083f00000|  0%| F|  |TAMS 0x0000000083e00000, 0x0000000083e00000| Untracked 
|  63|0x0000000083f00000, 0x0000000083f00000, 0x0000000084000000|  0%| F|  |TAMS 0x0000000083f00000, 0x0000000083f00000| Untracked 
|  64|0x0000000084000000, 0x0000000084000000, 0x0000000084100000|  0%| F|  |TAMS 0x0000000084000000, 0x0000000084000000| Untracked 
|  65|0x0000000084100000, 0x0000000084100000, 0x0000000084200000|  0%| F|  |TAMS 0x0000000084100000, 0x0000000084100000| Untracked 
|  66|0x0000000084200000, 0x0000000084200000, 0x0000000084300000|  0%| F|  |TAMS 0x0000000084200000, 0x0000000084200000| Untracked 
|  67|0x0000000084300000, 0x0000000084300000, 0x0000000084400000|  0%| F|  |TAMS 0x0000000084300000, 0x0000000084300000| Untracked 
|  68|0x0000000084400000, 0x0000000084400000, 0x0000000084500000|  0%| F|  |TAMS 0x0000000084400000, 0x0000000084400000| Untracked 
|  69|0x0000000084500000, 0x0000000084500000, 0x0000000084600000|  0%| F|  |TAMS 0x0000000084500000, 0x0000000084500000| Untracked 
|  70|0x0000000084600000, 0x0000000084600000, 0x0000000084700000|  0%| F|  |TAMS 0x0000000084600000, 0x0000000084600000| Untracked 
|  71|0x0000000084700000, 0x0000000084700000, 0x0000000084800000|  0%| F|  |TAMS 0x0000000084700000, 0x0000000084700000| Untracked 
|  72|0x0000000084800000, 0x0000000084800000, 0x0000000084900000|  0%| F|  |TAMS 0x0000000084800000, 0x0000000084800000| Untracked 
|  73|0x0000000084900000, 0x0000000084900000, 0x0000000084a00000|  0%| F|  |TAMS 0x0000000084900000, 0x0000000084900000| Untracked 
|  74|0x0000000084a00000, 0x0000000084a00000, 0x0000000084b00000|  0%| F|  |TAMS 0x0000000084a00000, 0x0000000084a00000| Untracked 
|  75|0x0000000084b00000, 0x0000000084b00000, 0x0000000084c00000|  0%| F|  |TAMS 0x0000000084b00000, 0x0000000084b00000| Untracked 
|  76|0x0000000084c00000, 0x0000000084c00000, 0x0000000084d00000|  0%| F|  |TAMS 0x0000000084c00000, 0x0000000084c00000| Untracked 
|  77|0x0000000084d00000, 0x0000000084d00000, 0x0000000084e00000|  0%| F|  |TAMS 0x0000000084d00000, 0x0000000084d00000| Untracked 
|  78|0x0000000084e00000, 0x0000000084e00000, 0x0000000084f00000|  0%| F|  |TAMS 0x0000000084e00000, 0x0000000084e00000| Untracked 
|  79|0x0000000084f00000, 0x0000000084f00000, 0x0000000085000000|  0%| F|  |TAMS 0x0000000084f00000, 0x0000000084f00000| Untracked 
|  80|0x0000000085000000, 0x0000000085071448, 0x0000000085100000| 44%| S|CS|TAMS 0x0000000085000000, 0x0000000085000000| Complete 
|  81|0x0000000085100000, 0x0000000085200000, 0x0000000085200000|100%| S|CS|TAMS 0x0000000085100000, 0x0000000085100000| Complete 
|  82|0x0000000085200000, 0x0000000085300000, 0x0000000085300000|100%| S|CS|TAMS 0x0000000085200000, 0x0000000085200000| Complete 
|  83|0x0000000085300000, 0x0000000085400000, 0x0000000085400000|100%| S|CS|TAMS 0x0000000085300000, 0x0000000085300000| Complete 
|  84|0x0000000085400000, 0x0000000085500000, 0x0000000085500000|100%| S|CS|TAMS 0x0000000085400000, 0x0000000085400000| Complete 
|  85|0x0000000085500000, 0x0000000085600000, 0x0000000085600000|100%| S|CS|TAMS 0x0000000085500000, 0x0000000085500000| Complete 
|  86|0x0000000085600000, 0x0000000085700000, 0x0000000085700000|100%| S|CS|TAMS 0x0000000085600000, 0x0000000085600000| Complete 
|  87|0x0000000085700000, 0x0000000085700000, 0x0000000085800000|  0%| F|  |TAMS 0x0000000085700000, 0x0000000085700000| Untracked 
|  88|0x0000000085800000, 0x0000000085800000, 0x0000000085900000|  0%| F|  |TAMS 0x0000000085800000, 0x0000000085800000| Untracked 
|  89|0x0000000085900000, 0x0000000085900000, 0x0000000085a00000|  0%| F|  |TAMS 0x0000000085900000, 0x0000000085900000| Untracked 
|  90|0x0000000085a00000, 0x0000000085a00000, 0x0000000085b00000|  0%| F|  |TAMS 0x0000000085a00000, 0x0000000085a00000| Untracked 
|  91|0x0000000085b00000, 0x0000000085b00000, 0x0000000085c00000|  0%| F|  |TAMS 0x0000000085b00000, 0x0000000085b00000| Untracked 
|  92|0x0000000085c00000, 0x0000000085c00000, 0x0000000085d00000|  0%| F|  |TAMS 0x0000000085c00000, 0x0000000085c00000| Untracked 
|  93|0x0000000085d00000, 0x0000000085d00000, 0x0000000085e00000|  0%| F|  |TAMS 0x0000000085d00000, 0x0000000085d00000| Untracked 
|  94|0x0000000085e00000, 0x0000000085e00000, 0x0000000085f00000|  0%| F|  |TAMS 0x0000000085e00000, 0x0000000085e00000| Untracked 
|  95|0x0000000085f00000, 0x0000000085f00000, 0x0000000086000000|  0%| F|  |TAMS 0x0000000085f00000, 0x0000000085f00000| Untracked 
|  96|0x0000000086000000, 0x0000000086000000, 0x0000000086100000|  0%| F|  |TAMS 0x0000000086000000, 0x0000000086000000| Untracked 
|  97|0x0000000086100000, 0x0000000086200000, 0x0000000086200000|100%| S|CS|TAMS 0x0000000086100000, 0x0000000086100000| Complete 
|  98|0x0000000086200000, 0x0000000086300000, 0x0000000086300000|100%| S|CS|TAMS 0x0000000086200000, 0x0000000086200000| Complete 
|  99|0x0000000086300000, 0x0000000086300000, 0x0000000086400000|  0%| F|  |TAMS 0x0000000086300000, 0x0000000086300000| Untracked 
| 100|0x0000000086400000, 0x0000000086400000, 0x0000000086500000|  0%| F|  |TAMS 0x0000000086400000, 0x0000000086400000| Untracked 
| 101|0x0000000086500000, 0x0000000086500000, 0x0000000086600000|  0%| F|  |TAMS 0x0000000086500000, 0x0000000086500000| Untracked 
| 102|0x0000000086600000, 0x0000000086600000, 0x0000000086700000|  0%| F|  |TAMS 0x0000000086600000, 0x0000000086600000| Untracked 
| 103|0x0000000086700000, 0x0000000086700000, 0x0000000086800000|  0%| F|  |TAMS 0x0000000086700000, 0x0000000086700000| Untracked 
| 104|0x0000000086800000, 0x0000000086800000, 0x0000000086900000|  0%| F|  |TAMS 0x0000000086800000, 0x0000000086800000| Untracked 
| 105|0x0000000086900000, 0x0000000086900000, 0x0000000086a00000|  0%| F|  |TAMS 0x0000000086900000, 0x0000000086900000| Untracked 
| 106|0x0000000086a00000, 0x0000000086a00000, 0x0000000086b00000|  0%| F|  |TAMS 0x0000000086a00000, 0x0000000086a00000| Untracked 
| 107|0x0000000086b00000, 0x0000000086b00000, 0x0000000086c00000|  0%| F|  |TAMS 0x0000000086b00000, 0x0000000086b00000| Untracked 
| 108|0x0000000086c00000, 0x0000000086c00000, 0x0000000086d00000|  0%| F|  |TAMS 0x0000000086c00000, 0x0000000086c00000| Untracked 
| 109|0x0000000086d00000, 0x0000000086d00000, 0x0000000086e00000|  0%| F|  |TAMS 0x0000000086d00000, 0x0000000086d00000| Untracked 
| 110|0x0000000086e00000, 0x0000000086e00000, 0x0000000086f00000|  0%| F|  |TAMS 0x0000000086e00000, 0x0000000086e00000| Untracked 
| 111|0x0000000086f00000, 0x0000000086f00000, 0x0000000087000000|  0%| F|  |TAMS 0x0000000086f00000, 0x0000000086f00000| Untracked 
| 112|0x0000000087000000, 0x0000000087000000, 0x0000000087100000|  0%| F|  |TAMS 0x0000000087000000, 0x0000000087000000| Untracked 
| 113|0x0000000087100000, 0x0000000087100000, 0x0000000087200000|  0%| F|  |TAMS 0x0000000087100000, 0x0000000087100000| Untracked 
| 114|0x0000000087200000, 0x0000000087200000, 0x0000000087300000|  0%| F|  |TAMS 0x0000000087200000, 0x0000000087200000| Untracked 
| 115|0x0000000087300000, 0x0000000087300000, 0x0000000087400000|  0%| F|  |TAMS 0x0000000087300000, 0x0000000087300000| Untracked 
| 116|0x0000000087400000, 0x0000000087400000, 0x0000000087500000|  0%| F|  |TAMS 0x0000000087400000, 0x0000000087400000| Untracked 
| 117|0x0000000087500000, 0x0000000087500000, 0x0000000087600000|  0%| F|  |TAMS 0x0000000087500000, 0x0000000087500000| Untracked 
| 118|0x0000000087600000, 0x0000000087600000, 0x0000000087700000|  0%| F|  |TAMS 0x0000000087600000, 0x0000000087600000| Untracked 
| 119|0x0000000087700000, 0x0000000087700000, 0x0000000087800000|  0%| F|  |TAMS 0x0000000087700000, 0x0000000087700000| Untracked 
| 120|0x0000000087800000, 0x0000000087800000, 0x0000000087900000|  0%| F|  |TAMS 0x0000000087800000, 0x0000000087800000| Untracked 
| 121|0x0000000087900000, 0x0000000087900000, 0x0000000087a00000|  0%| F|  |TAMS 0x0000000087900000, 0x0000000087900000| Untracked 
| 122|0x0000000087a00000, 0x0000000087a00000, 0x0000000087b00000|  0%| F|  |TAMS 0x0000000087a00000, 0x0000000087a00000| Untracked 
| 123|0x0000000087b00000, 0x0000000087b00000, 0x0000000087c00000|  0%| F|  |TAMS 0x0000000087b00000, 0x0000000087b00000| Untracked 
| 124|0x0000000087c00000, 0x0000000087c00000, 0x0000000087d00000|  0%| F|  |TAMS 0x0000000087c00000, 0x0000000087c00000| Untracked 
| 125|0x0000000087d00000, 0x0000000087d00000, 0x0000000087e00000|  0%| F|  |TAMS 0x0000000087d00000, 0x0000000087d00000| Untracked 
| 126|0x0000000087e00000, 0x0000000087e00000, 0x0000000087f00000|  0%| F|  |TAMS 0x0000000087e00000, 0x0000000087e00000| Untracked 
| 127|0x0000000087f00000, 0x0000000087f00000, 0x0000000088000000|  0%| F|  |TAMS 0x0000000087f00000, 0x0000000087f00000| Untracked 
| 128|0x0000000088000000, 0x0000000088000000, 0x0000000088100000|  0%| F|  |TAMS 0x0000000088000000, 0x0000000088000000| Untracked 
| 129|0x0000000088100000, 0x0000000088100000, 0x0000000088200000|  0%| F|  |TAMS 0x0000000088100000, 0x0000000088100000| Untracked 
| 130|0x0000000088200000, 0x0000000088200000, 0x0000000088300000|  0%| F|  |TAMS 0x0000000088200000, 0x0000000088200000| Untracked 
| 131|0x0000000088300000, 0x0000000088300000, 0x0000000088400000|  0%| F|  |TAMS 0x0000000088300000, 0x0000000088300000| Untracked 
| 132|0x0000000088400000, 0x0000000088400000, 0x0000000088500000|  0%| F|  |TAMS 0x0000000088400000, 0x0000000088400000| Untracked 
| 133|0x0000000088500000, 0x0000000088500000, 0x0000000088600000|  0%| F|  |TAMS 0x0000000088500000, 0x0000000088500000| Untracked 
| 134|0x0000000088600000, 0x0000000088600000, 0x0000000088700000|  0%| F|  |TAMS 0x0000000088600000, 0x0000000088600000| Untracked 
| 135|0x0000000088700000, 0x0000000088700000, 0x0000000088800000|  0%| F|  |TAMS 0x0000000088700000, 0x0000000088700000| Untracked 
| 136|0x0000000088800000, 0x0000000088800000, 0x0000000088900000|  0%| F|  |TAMS 0x0000000088800000, 0x0000000088800000| Untracked 
| 137|0x0000000088900000, 0x0000000088900000, 0x0000000088a00000|  0%| F|  |TAMS 0x0000000088900000, 0x0000000088900000| Untracked 
| 138|0x0000000088a00000, 0x0000000088a00000, 0x0000000088b00000|  0%| F|  |TAMS 0x0000000088a00000, 0x0000000088a00000| Untracked 
| 139|0x0000000088b00000, 0x0000000088b00000, 0x0000000088c00000|  0%| F|  |TAMS 0x0000000088b00000, 0x0000000088b00000| Untracked 
| 140|0x0000000088c00000, 0x0000000088c00000, 0x0000000088d00000|  0%| F|  |TAMS 0x0000000088c00000, 0x0000000088c00000| Untracked 
| 141|0x0000000088d00000, 0x0000000088d00000, 0x0000000088e00000|  0%| F|  |TAMS 0x0000000088d00000, 0x0000000088d00000| Untracked 
| 142|0x0000000088e00000, 0x0000000088e00000, 0x0000000088f00000|  0%| F|  |TAMS 0x0000000088e00000, 0x0000000088e00000| Untracked 
| 143|0x0000000088f00000, 0x0000000088f00000, 0x0000000089000000|  0%| F|  |TAMS 0x0000000088f00000, 0x0000000088f00000| Untracked 
| 144|0x0000000089000000, 0x0000000089000000, 0x0000000089100000|  0%| F|  |TAMS 0x0000000089000000, 0x0000000089000000| Untracked 
| 145|0x0000000089100000, 0x0000000089100000, 0x0000000089200000|  0%| F|  |TAMS 0x0000000089100000, 0x0000000089100000| Untracked 
| 146|0x0000000089200000, 0x0000000089200000, 0x0000000089300000|  0%| F|  |TAMS 0x0000000089200000, 0x0000000089200000| Untracked 
| 147|0x0000000089300000, 0x0000000089300000, 0x0000000089400000|  0%| F|  |TAMS 0x0000000089300000, 0x0000000089300000| Untracked 
| 148|0x0000000089400000, 0x0000000089400000, 0x0000000089500000|  0%| F|  |TAMS 0x0000000089400000, 0x0000000089400000| Untracked 
| 149|0x0000000089500000, 0x0000000089500000, 0x0000000089600000|  0%| F|  |TAMS 0x0000000089500000, 0x0000000089500000| Untracked 
| 150|0x0000000089600000, 0x0000000089600000, 0x0000000089700000|  0%| F|  |TAMS 0x0000000089600000, 0x0000000089600000| Untracked 
| 151|0x0000000089700000, 0x0000000089700000, 0x0000000089800000|  0%| F|  |TAMS 0x0000000089700000, 0x0000000089700000| Untracked 
| 152|0x0000000089800000, 0x0000000089800000, 0x0000000089900000|  0%| F|  |TAMS 0x0000000089800000, 0x0000000089800000| Untracked 
| 153|0x0000000089900000, 0x0000000089900000, 0x0000000089a00000|  0%| F|  |TAMS 0x0000000089900000, 0x0000000089900000| Untracked 
| 154|0x0000000089a00000, 0x0000000089a00000, 0x0000000089b00000|  0%| F|  |TAMS 0x0000000089a00000, 0x0000000089a00000| Untracked 
| 155|0x0000000089b00000, 0x0000000089b00000, 0x0000000089c00000|  0%| F|  |TAMS 0x0000000089b00000, 0x0000000089b00000| Untracked 
| 156|0x0000000089c00000, 0x0000000089c00000, 0x0000000089d00000|  0%| F|  |TAMS 0x0000000089c00000, 0x0000000089c00000| Untracked 
| 157|0x0000000089d00000, 0x0000000089d00000, 0x0000000089e00000|  0%| F|  |TAMS 0x0000000089d00000, 0x0000000089d00000| Untracked 
| 158|0x0000000089e00000, 0x0000000089e00000, 0x0000000089f00000|  0%| F|  |TAMS 0x0000000089e00000, 0x0000000089e00000| Untracked 
| 159|0x0000000089f00000, 0x0000000089f00000, 0x000000008a000000|  0%| F|  |TAMS 0x0000000089f00000, 0x0000000089f00000| Untracked 
| 160|0x000000008a000000, 0x000000008a000000, 0x000000008a100000|  0%| F|  |TAMS 0x000000008a000000, 0x000000008a000000| Untracked 
| 161|0x000000008a100000, 0x000000008a100000, 0x000000008a200000|  0%| F|  |TAMS 0x000000008a100000, 0x000000008a100000| Untracked 
| 162|0x000000008a200000, 0x000000008a200000, 0x000000008a300000|  0%| F|  |TAMS 0x000000008a200000, 0x000000008a200000| Untracked 
| 163|0x000000008a300000, 0x000000008a300000, 0x000000008a400000|  0%| F|  |TAMS 0x000000008a300000, 0x000000008a300000| Untracked 
| 164|0x000000008a400000, 0x000000008a400000, 0x000000008a500000|  0%| F|  |TAMS 0x000000008a400000, 0x000000008a400000| Untracked 
| 165|0x000000008a500000, 0x000000008a500000, 0x000000008a600000|  0%| F|  |TAMS 0x000000008a500000, 0x000000008a500000| Untracked 
| 166|0x000000008a600000, 0x000000008a600000, 0x000000008a700000|  0%| F|  |TAMS 0x000000008a600000, 0x000000008a600000| Untracked 
| 167|0x000000008a700000, 0x000000008a700000, 0x000000008a800000|  0%| F|  |TAMS 0x000000008a700000, 0x000000008a700000| Untracked 
| 168|0x000000008a800000, 0x000000008a800000, 0x000000008a900000|  0%| F|  |TAMS 0x000000008a800000, 0x000000008a800000| Untracked 
| 169|0x000000008a900000, 0x000000008a900000, 0x000000008aa00000|  0%| F|  |TAMS 0x000000008a900000, 0x000000008a900000| Untracked 
| 170|0x000000008aa00000, 0x000000008aa00000, 0x000000008ab00000|  0%| F|  |TAMS 0x000000008aa00000, 0x000000008aa00000| Untracked 
| 171|0x000000008ab00000, 0x000000008ab00000, 0x000000008ac00000|  0%| F|  |TAMS 0x000000008ab00000, 0x000000008ab00000| Untracked 
| 172|0x000000008ac00000, 0x000000008ac00000, 0x000000008ad00000|  0%| F|  |TAMS 0x000000008ac00000, 0x000000008ac00000| Untracked 
| 173|0x000000008ad00000, 0x000000008ad00000, 0x000000008ae00000|  0%| F|  |TAMS 0x000000008ad00000, 0x000000008ad00000| Untracked 
| 174|0x000000008ae00000, 0x000000008ae00000, 0x000000008af00000|  0%| F|  |TAMS 0x000000008ae00000, 0x000000008ae00000| Untracked 
| 175|0x000000008af00000, 0x000000008af00000, 0x000000008b000000|  0%| F|  |TAMS 0x000000008af00000, 0x000000008af00000| Untracked 
| 176|0x000000008b000000, 0x000000008b000000, 0x000000008b100000|  0%| F|  |TAMS 0x000000008b000000, 0x000000008b000000| Untracked 
| 177|0x000000008b100000, 0x000000008b100000, 0x000000008b200000|  0%| F|  |TAMS 0x000000008b100000, 0x000000008b100000| Untracked 
| 178|0x000000008b200000, 0x000000008b200000, 0x000000008b300000|  0%| F|  |TAMS 0x000000008b200000, 0x000000008b200000| Untracked 
| 179|0x000000008b300000, 0x000000008b300000, 0x000000008b400000|  0%| F|  |TAMS 0x000000008b300000, 0x000000008b300000| Untracked 
| 180|0x000000008b400000, 0x000000008b400000, 0x000000008b500000|  0%| F|  |TAMS 0x000000008b400000, 0x000000008b400000| Untracked 
| 181|0x000000008b500000, 0x000000008b500000, 0x000000008b600000|  0%| F|  |TAMS 0x000000008b500000, 0x000000008b500000| Untracked 
| 182|0x000000008b600000, 0x000000008b600000, 0x000000008b700000|  0%| F|  |TAMS 0x000000008b600000, 0x000000008b600000| Untracked 
| 183|0x000000008b700000, 0x000000008b700000, 0x000000008b800000|  0%| F|  |TAMS 0x000000008b700000, 0x000000008b700000| Untracked 
| 184|0x000000008b800000, 0x000000008b800000, 0x000000008b900000|  0%| F|  |TAMS 0x000000008b800000, 0x000000008b800000| Untracked 
| 185|0x000000008b900000, 0x000000008b900000, 0x000000008ba00000|  0%| F|  |TAMS 0x000000008b900000, 0x000000008b900000| Untracked 
| 186|0x000000008ba00000, 0x000000008ba00000, 0x000000008bb00000|  0%| F|  |TAMS 0x000000008ba00000, 0x000000008ba00000| Untracked 
| 187|0x000000008bb00000, 0x000000008bb00000, 0x000000008bc00000|  0%| F|  |TAMS 0x000000008bb00000, 0x000000008bb00000| Untracked 
| 188|0x000000008bc00000, 0x000000008bc00000, 0x000000008bd00000|  0%| F|  |TAMS 0x000000008bc00000, 0x000000008bc00000| Untracked 
| 189|0x000000008bd00000, 0x000000008bd00000, 0x000000008be00000|  0%| F|  |TAMS 0x000000008bd00000, 0x000000008bd00000| Untracked 
| 190|0x000000008be00000, 0x000000008be00000, 0x000000008bf00000|  0%| F|  |TAMS 0x000000008be00000, 0x000000008be00000| Untracked 
| 191|0x000000008bf00000, 0x000000008bf00000, 0x000000008c000000|  0%| F|  |TAMS 0x000000008bf00000, 0x000000008bf00000| Untracked 
| 192|0x000000008c000000, 0x000000008c000000, 0x000000008c100000|  0%| F|  |TAMS 0x000000008c000000, 0x000000008c000000| Untracked 
| 193|0x000000008c100000, 0x000000008c100000, 0x000000008c200000|  0%| F|  |TAMS 0x000000008c100000, 0x000000008c100000| Untracked 
| 194|0x000000008c200000, 0x000000008c200000, 0x000000008c300000|  0%| F|  |TAMS 0x000000008c200000, 0x000000008c200000| Untracked 
| 195|0x000000008c300000, 0x000000008c300000, 0x000000008c400000|  0%| F|  |TAMS 0x000000008c300000, 0x000000008c300000| Untracked 
| 196|0x000000008c400000, 0x000000008c400000, 0x000000008c500000|  0%| F|  |TAMS 0x000000008c400000, 0x000000008c400000| Untracked 
| 197|0x000000008c500000, 0x000000008c500000, 0x000000008c600000|  0%| F|  |TAMS 0x000000008c500000, 0x000000008c500000| Untracked 
| 198|0x000000008c600000, 0x000000008c600000, 0x000000008c700000|  0%| F|  |TAMS 0x000000008c600000, 0x000000008c600000| Untracked 
| 199|0x000000008c700000, 0x000000008c700000, 0x000000008c800000|  0%| F|  |TAMS 0x000000008c700000, 0x000000008c700000| Untracked 
| 200|0x000000008c800000, 0x000000008c800000, 0x000000008c900000|  0%| F|  |TAMS 0x000000008c800000, 0x000000008c800000| Untracked 
| 201|0x000000008c900000, 0x000000008c900000, 0x000000008ca00000|  0%| F|  |TAMS 0x000000008c900000, 0x000000008c900000| Untracked 
| 202|0x000000008ca00000, 0x000000008ca00000, 0x000000008cb00000|  0%| F|  |TAMS 0x000000008ca00000, 0x000000008ca00000| Untracked 
| 203|0x000000008cb00000, 0x000000008cb00000, 0x000000008cc00000|  0%| F|  |TAMS 0x000000008cb00000, 0x000000008cb00000| Untracked 
| 204|0x000000008cc00000, 0x000000008cc00000, 0x000000008cd00000|  0%| F|  |TAMS 0x000000008cc00000, 0x000000008cc00000| Untracked 
| 205|0x000000008cd00000, 0x000000008cd00000, 0x000000008ce00000|  0%| F|  |TAMS 0x000000008cd00000, 0x000000008cd00000| Untracked 
| 206|0x000000008ce00000, 0x000000008ce00000, 0x000000008cf00000|  0%| F|  |TAMS 0x000000008ce00000, 0x000000008ce00000| Untracked 
| 207|0x000000008cf00000, 0x000000008cf00000, 0x000000008d000000|  0%| F|  |TAMS 0x000000008cf00000, 0x000000008cf00000| Untracked 
| 208|0x000000008d000000, 0x000000008d000000, 0x000000008d100000|  0%| F|  |TAMS 0x000000008d000000, 0x000000008d000000| Untracked 
| 209|0x000000008d100000, 0x000000008d100000, 0x000000008d200000|  0%| F|  |TAMS 0x000000008d100000, 0x000000008d100000| Untracked 
| 210|0x000000008d200000, 0x000000008d200000, 0x000000008d300000|  0%| F|  |TAMS 0x000000008d200000, 0x000000008d200000| Untracked 
| 255|0x000000008ff00000, 0x000000008ff00000, 0x0000000090000000|  0%| F|  |TAMS 0x000000008ff00000, 0x000000008ff00000| Untracked 

Card table byte_map: [0x000001529f310000,0x000001529f710000] _byte_map_base: 0x000001529ef10000

Marking Bits (Prev, Next): (CMBitMap*) 0x000001528c52eea0, (CMBitMap*) 0x000001528c52ee60
 Prev Bits: [0x00000152a1b10000, 0x00000152a3b10000)
 Next Bits: [0x000001529fb10000, 0x00000152a1b10000)

Polling page: 0x000001528a300000

Metaspace:

Usage:
  Non-class:     47.01 MB used.
      Class:      7.21 MB used.
       Both:     54.23 MB used.

Virtual space:
  Non-class space:       64.00 MB reserved,      47.25 MB ( 74%) committed,  1 nodes.
      Class space:        1.00 GB reserved,       7.38 MB ( <1%) committed,  1 nodes.
             Both:        1.06 GB reserved,      54.62 MB (  5%) committed. 

Chunk freelists:
   Non-Class:  1.00 KB
       Class:  8.53 MB
        Both:  8.54 MB

MaxMetaspaceSize: unlimited
CompressedClassSpaceSize: 1.00 GB
Initial GC threshold: 21.00 MB
Current GC threshold: 89.38 MB
CDS: off
MetaspaceReclaimPolicy: balanced
 - commit_granule_bytes: 65536.
 - commit_granule_words: 8192.
 - virtual_space_node_default_size: 8388608.
 - enlarge_chunks_in_place: 1.
 - new_chunks_are_fully_committed: 0.
 - uncommit_free_chunks: 1.
 - use_allocation_guard: 0.
 - handle_deallocations: 1.


Internal statistics:

num_allocs_failed_limit: 3.
num_arena_births: 462.
num_arena_deaths: 4.
num_vsnodes_births: 2.
num_vsnodes_deaths: 0.
num_space_committed: 874.
num_space_uncommitted: 0.
num_chunks_returned_to_freelist: 9.
num_chunks_taken_from_freelist: 2211.
num_chunk_merges: 0.
num_chunk_splits: 1476.
num_chunks_enlarged: 1059.
num_inconsistent_stats: 0.

CodeHeap 'non-profiled nmethods': size=120000Kb used=4898Kb max_used=4898Kb free=115101Kb
 bounds [0x0000015297480000, 0x0000015297950000, 0x000001529e9b0000]
CodeHeap 'profiled nmethods': size=120000Kb used=10177Kb max_used=11126Kb free=109823Kb
 bounds [0x000001528f9b0000, 0x0000015290490000, 0x0000015296ee0000]
CodeHeap 'non-nmethods': size=5760Kb used=2317Kb max_used=2465Kb free=3442Kb
 bounds [0x0000015296ee0000, 0x0000015297150000, 0x0000015297480000]
 total_blobs=6379 nmethods=5544 adapters=747
 compilation: enabled
              stopped_count=0, restarted_count=0
 full_count=0

Compilation events (20 events):
Event: 13.714 Thread 0x00000152a6975800 nmethod 6610 0x0000015297947510 code [0x00000152979476a0, 0x0000015297947a78]
Event: 13.714 Thread 0x00000152a6975800 6956       4       org.gradle.internal.classpath.InstrumentingTransformer::access$3100 (4 bytes)
Event: 13.715 Thread 0x00000152a6975800 nmethod 6956 0x0000015297947b90 code [0x0000015297947d00, 0x0000015297947d58]
Event: 13.715 Thread 0x00000152a6975800 6943       4       org.gradle.internal.hash.HashCode::<init> (5 bytes)
Event: 13.715 Thread 0x00000152af956480 nmethod 6680 0x0000015297947e90 code [0x0000015297948020, 0x0000015297948158]
Event: 13.715 Thread 0x00000152a6975800 nmethod 6943 0x0000015297948290 code [0x0000015297948400, 0x0000015297948478]
Event: 13.716 Thread 0x00000152a6978be0 7010       3       java.util.Optional::flatMap (38 bytes)
Event: 13.716 Thread 0x00000152a6978be0 nmethod 7010 0x00000152902f9690 code [0x00000152902f98a0, 0x00000152902f9f88]
Event: 13.763 Thread 0x00000152af956480 7011   !   4       java.net.URLClassLoader::findClass (47 bytes)
Event: 13.766 Thread 0x00000152a6975800 7012       4       org.gradle.api.internal.changedetection.state.PropertiesFileAwareClasspathResourceHasher::hash (6 bytes)
Event: 13.769 Thread 0x00000152a6978be0 7018       1       org.gradle.api.internal.file.archive.impl.StreamZipInput::access$000 (5 bytes)
Event: 13.769 Thread 0x00000152a6978be0 nmethod 7018 0x0000015297948590 code [0x0000015297948720, 0x00000152979487d8]
Event: 13.769 Thread 0x00000152a6978be0 7020       3       java.util.zip.ZipInputStream::ensureOpen (18 bytes)
Event: 13.770 Thread 0x00000152a6978be0 nmethod 7020 0x000001528fad2a10 code [0x000001528fad2bc0, 0x000001528fad2dc8]
Event: 13.770 Thread 0x00000152a6978be0 7021       3       java.util.zip.ZipUtils::get32 (23 bytes)
Event: 13.770 Thread 0x00000152a6978be0 nmethod 7021 0x000001528fad2490 code [0x000001528fad2640, 0x000001528fad28b8]
Event: 13.771 Thread 0x00000152a6978be0 7024       3       java.io.PushbackInputStream::read (145 bytes)
Event: 13.772 Thread 0x00000152a6978be0 nmethod 7024 0x000001528ffc8990 code [0x000001528ffc8bc0, 0x000001528ffc94e8]
Event: 13.772 Thread 0x00000152a6978be0 7025       3       java.io.PushbackInputStream::ensureOpen (18 bytes)
Event: 13.772 Thread 0x00000152a6978be0 nmethod 7025 0x000001528ffc8390 code [0x000001528ffc8540, 0x000001528ffc8748]

GC Heap History (20 events):
Event: 11.059 GC heap after
{Heap after GC invocations=36 (full 0):
 garbage-first heap   total 180224K, used 59350K [0x0000000080000000, 0x0000000100000000)
  region size 1024K, 6 young (6144K), 6 survivors (6144K)
 Metaspace       used 55000K, committed 55424K, reserved 1114112K
  class space    used 7328K, committed 7488K, reserved 1048576K
}
Event: 11.318 GC heap before
{Heap before GC invocations=36 (full 0):
 garbage-first heap   total 180224K, used 154582K [0x0000000080000000, 0x0000000100000000)
  region size 1024K, 99 young (101376K), 6 survivors (6144K)
 Metaspace       used 55000K, committed 55424K, reserved 1114112K
  class space    used 7328K, committed 7488K, reserved 1048576K
}
Event: 11.322 GC heap after
{Heap after GC invocations=37 (full 0):
 garbage-first heap   total 180224K, used 60399K [0x0000000080000000, 0x0000000100000000)
  region size 1024K, 7 young (7168K), 7 survivors (7168K)
 Metaspace       used 55000K, committed 55424K, reserved 1114112K
  class space    used 7328K, committed 7488K, reserved 1048576K
}
Event: 11.550 GC heap before
{Heap before GC invocations=37 (full 0):
 garbage-first heap   total 180224K, used 152559K [0x0000000080000000, 0x0000000100000000)
  region size 1024K, 97 young (99328K), 7 survivors (7168K)
 Metaspace       used 55001K, committed 55424K, reserved 1114112K
  class space    used 7328K, committed 7488K, reserved 1048576K
}
Event: 11.555 GC heap after
{Heap after GC invocations=38 (full 0):
 garbage-first heap   total 180224K, used 60896K [0x0000000080000000, 0x0000000100000000)
  region size 1024K, 7 young (7168K), 7 survivors (7168K)
 Metaspace       used 55001K, committed 55424K, reserved 1114112K
  class space    used 7328K, committed 7488K, reserved 1048576K
}
Event: 11.790 GC heap before
{Heap before GC invocations=38 (full 0):
 garbage-first heap   total 180224K, used 153056K [0x0000000080000000, 0x0000000100000000)
  region size 1024K, 97 young (99328K), 7 survivors (7168K)
 Metaspace       used 55002K, committed 55424K, reserved 1114112K
  class space    used 7328K, committed 7488K, reserved 1048576K
}
Event: 11.796 GC heap after
{Heap after GC invocations=39 (full 0):
 garbage-first heap   total 180224K, used 61918K [0x0000000080000000, 0x0000000100000000)
  region size 1024K, 8 young (8192K), 8 survivors (8192K)
 Metaspace       used 55002K, committed 55424K, reserved 1114112K
  class space    used 7328K, committed 7488K, reserved 1048576K
}
Event: 12.031 GC heap before
{Heap before GC invocations=39 (full 0):
 garbage-first heap   total 180224K, used 152030K [0x0000000080000000, 0x0000000100000000)
  region size 1024K, 96 young (98304K), 8 survivors (8192K)
 Metaspace       used 55003K, committed 55424K, reserved 1114112K
  class space    used 7329K, committed 7488K, reserved 1048576K
}
Event: 12.038 GC heap after
{Heap after GC invocations=40 (full 0):
 garbage-first heap   total 217088K, used 62786K [0x0000000080000000, 0x0000000100000000)
  region size 1024K, 8 young (8192K), 8 survivors (8192K)
 Metaspace       used 55003K, committed 55424K, reserved 1114112K
  class space    used 7329K, committed 7488K, reserved 1048576K
}
Event: 12.714 GC heap before
{Heap before GC invocations=40 (full 0):
 garbage-first heap   total 217088K, used 184642K [0x0000000080000000, 0x0000000100000000)
  region size 1024K, 127 young (130048K), 8 survivors (8192K)
 Metaspace       used 55252K, committed 55616K, reserved 1114112K
  class space    used 7352K, committed 7488K, reserved 1048576K
}
Event: 12.718 GC heap after
{Heap after GC invocations=41 (full 0):
 garbage-first heap   total 217088K, used 56506K [0x0000000080000000, 0x0000000100000000)
  region size 1024K, 4 young (4096K), 4 survivors (4096K)
 Metaspace       used 55252K, committed 55616K, reserved 1114112K
  class space    used 7352K, committed 7488K, reserved 1048576K
}
Event: 13.056 GC heap before
{Heap before GC invocations=41 (full 0):
 garbage-first heap   total 217088K, used 186554K [0x0000000080000000, 0x0000000100000000)
  region size 1024K, 127 young (130048K), 4 survivors (4096K)
 Metaspace       used 55489K, committed 55872K, reserved 1114112K
  class space    used 7383K, committed 7552K, reserved 1048576K
}
Event: 13.060 GC heap after
{Heap after GC invocations=42 (full 0):
 garbage-first heap   total 217088K, used 64240K [0x0000000080000000, 0x0000000100000000)
  region size 1024K, 7 young (7168K), 7 survivors (7168K)
 Metaspace       used 55489K, committed 55872K, reserved 1114112K
  class space    used 7383K, committed 7552K, reserved 1048576K
}
Event: 13.178 GC heap before
{Heap before GC invocations=42 (full 0):
 garbage-first heap   total 217088K, used 185072K [0x0000000080000000, 0x0000000100000000)
  region size 1024K, 126 young (129024K), 7 survivors (7168K)
 Metaspace       used 55497K, committed 55872K, reserved 1114112K
  class space    used 7383K, committed 7552K, reserved 1048576K
}
Event: 13.183 GC heap after
{Heap after GC invocations=43 (full 0):
 garbage-first heap   total 217088K, used 64546K [0x0000000080000000, 0x0000000100000000)
  region size 1024K, 7 young (7168K), 7 survivors (7168K)
 Metaspace       used 55497K, committed 55872K, reserved 1114112K
  class space    used 7383K, committed 7552K, reserved 1048576K
}
Event: 13.333 GC heap before
{Heap before GC invocations=43 (full 0):
 garbage-first heap   total 217088K, used 186402K [0x0000000080000000, 0x0000000100000000)
  region size 1024K, 126 young (129024K), 7 survivors (7168K)
 Metaspace       used 55497K, committed 55872K, reserved 1114112K
  class space    used 7383K, committed 7552K, reserved 1048576K
}
Event: 13.337 GC heap after
{Heap after GC invocations=44 (full 0):
 garbage-first heap   total 217088K, used 65913K [0x0000000080000000, 0x0000000100000000)
  region size 1024K, 9 young (9216K), 9 survivors (9216K)
 Metaspace       used 55497K, committed 55872K, reserved 1114112K
  class space    used 7383K, committed 7552K, reserved 1048576K
}
Event: 13.501 GC heap before
{Heap before GC invocations=44 (full 0):
 garbage-first heap   total 217088K, used 183673K [0x0000000080000000, 0x0000000100000000)
  region size 1024K, 124 young (126976K), 9 survivors (9216K)
 Metaspace       used 55497K, committed 55872K, reserved 1114112K
  class space    used 7383K, committed 7552K, reserved 1048576K
}
Event: 13.506 GC heap after
{Heap after GC invocations=45 (full 0):
 garbage-first heap   total 217088K, used 67593K [0x0000000080000000, 0x0000000100000000)
  region size 1024K, 10 young (10240K), 10 survivors (10240K)
 Metaspace       used 55497K, committed 55872K, reserved 1114112K
  class space    used 7383K, committed 7552K, reserved 1048576K
}
Event: 13.774 GC heap before
{Heap before GC invocations=45 (full 0):
 garbage-first heap   total 217088K, used 183305K [0x0000000080000000, 0x0000000100000000)
  region size 1024K, 123 young (125952K), 10 survivors (10240K)
 Metaspace       used 55526K, committed 55936K, reserved 1114112K
  class space    used 7387K, committed 7552K, reserved 1048576K
}

Dll operation events (3 events):
Event: 0.006 Loaded shared library C:\Program Files\Android\Android Studio\jbr\bin\java.dll
Event: 0.115 Loaded shared library C:\Program Files\Android\Android Studio\jbr\bin\zip.dll
Event: 0.381 Loaded shared library C:\Program Files\Android\Android Studio\jbr\bin\verify.dll

Deoptimization events (20 events):
Event: 13.766 Thread 0x00000152acb132d0 Uncommon trap: trap_request=0xffffffde fr.pc=0x00000152979446a0 relative=0x00000000000000e0
Event: 13.766 Thread 0x00000152acb132d0 Uncommon trap: reason=class_check action=maybe_recompile pc=0x00000152979446a0 method=org.gradle.api.internal.changedetection.state.RuntimeClasspathResourceHasher.hash(Lorg/gradle/internal/fingerprint/hashing/ZipEntryContext;)Lorg/gradle/internal/hash/Has
Event: 13.766 Thread 0x00000152acb132d0 DEOPT PACKING pc=0x00000152979446a0 sp=0x0000000bb82fd970
Event: 13.766 Thread 0x00000152acb132d0 DEOPT UNPACKING pc=0x0000015296f369a3 sp=0x0000000bb82fd830 mode 2
Event: 13.766 Thread 0x00000152acb132d0 Uncommon trap: trap_request=0xffffffde fr.pc=0x00000152979446a0 relative=0x00000000000000e0
Event: 13.766 Thread 0x00000152acb132d0 Uncommon trap: reason=class_check action=maybe_recompile pc=0x00000152979446a0 method=org.gradle.api.internal.changedetection.state.RuntimeClasspathResourceHasher.hash(Lorg/gradle/internal/fingerprint/hashing/ZipEntryContext;)Lorg/gradle/internal/hash/Has
Event: 13.767 Thread 0x00000152acb132d0 DEOPT PACKING pc=0x00000152979446a0 sp=0x0000000bb82fd970
Event: 13.767 Thread 0x00000152acb132d0 DEOPT UNPACKING pc=0x0000015296f369a3 sp=0x0000000bb82fd830 mode 2
Event: 13.767 Thread 0x00000152acb132d0 Uncommon trap: trap_request=0xffffffde fr.pc=0x00000152979446a0 relative=0x00000000000000e0
Event: 13.767 Thread 0x00000152acb132d0 Uncommon trap: reason=class_check action=maybe_recompile pc=0x00000152979446a0 method=org.gradle.api.internal.changedetection.state.RuntimeClasspathResourceHasher.hash(Lorg/gradle/internal/fingerprint/hashing/ZipEntryContext;)Lorg/gradle/internal/hash/Has
Event: 13.767 Thread 0x00000152acb132d0 DEOPT PACKING pc=0x00000152979446a0 sp=0x0000000bb82fd970
Event: 13.767 Thread 0x00000152acb132d0 DEOPT UNPACKING pc=0x0000015296f369a3 sp=0x0000000bb82fd830 mode 2
Event: 13.767 Thread 0x00000152acb132d0 Uncommon trap: trap_request=0xffffffde fr.pc=0x00000152979446a0 relative=0x00000000000000e0
Event: 13.767 Thread 0x00000152acb132d0 Uncommon trap: reason=class_check action=maybe_recompile pc=0x00000152979446a0 method=org.gradle.api.internal.changedetection.state.RuntimeClasspathResourceHasher.hash(Lorg/gradle/internal/fingerprint/hashing/ZipEntryContext;)Lorg/gradle/internal/hash/Has
Event: 13.767 Thread 0x00000152acb132d0 DEOPT PACKING pc=0x00000152979446a0 sp=0x0000000bb82fd970
Event: 13.767 Thread 0x00000152acb132d0 DEOPT UNPACKING pc=0x0000015296f369a3 sp=0x0000000bb82fd830 mode 2
Event: 13.767 Thread 0x00000152acb132d0 Uncommon trap: trap_request=0xffffffde fr.pc=0x000001529785343c relative=0x000000000000009c
Event: 13.767 Thread 0x00000152acb132d0 Uncommon trap: reason=class_check action=maybe_recompile pc=0x000001529785343c method=org.gradle.api.internal.changedetection.state.RuntimeClasspathResourceHasher.hash(Lorg/gradle/internal/fingerprint/hashing/ZipEntryContext;)Lorg/gradle/internal/hash/Has
Event: 13.767 Thread 0x00000152acb132d0 DEOPT PACKING pc=0x000001529785343c sp=0x0000000bb82fd830
Event: 13.767 Thread 0x00000152acb132d0 DEOPT UNPACKING pc=0x0000015296f369a3 sp=0x0000000bb82fd7a8 mode 2

Classes unloaded (5 events):
Event: 7.965 Thread 0x00000152a679bfa0 Unloading class 0x0000000100650558 '_BuildScript_$_run_closure1'
Event: 7.965 Thread 0x00000152a679bfa0 Unloading class 0x0000000100650000 '_BuildScript_'
Event: 8.337 Thread 0x00000152a679bfa0 Unloading class 0x00000001006f4968 '_BuildScript_$_run_closure1$_closure2'
Event: 8.337 Thread 0x00000152a679bfa0 Unloading class 0x00000001006f4558 '_BuildScript_$_run_closure1'
Event: 8.337 Thread 0x00000152a679bfa0 Unloading class 0x00000001006f4000 '_BuildScript_'

Classes redefined (0 events):
No events

Internal exceptions (20 events):
Event: 12.997 Thread 0x00000152af33b8e0 Exception <a 'sun/nio/fs/WindowsException'{0x00000000897e4db0}> (0x00000000897e4db0) 
thrown [s\src\hotspot\share\prims\jni.cpp, line 517]
Event: 13.000 Thread 0x00000152af33a9b0 Exception <a 'sun/nio/fs/WindowsException'{0x0000000089564270}> (0x0000000089564270) 
thrown [s\src\hotspot\share\prims\jni.cpp, line 517]
Event: 13.002 Thread 0x00000152af33bdf0 Exception <a 'sun/nio/fs/WindowsException'{0x000000008934bc50}> (0x000000008934bc50) 
thrown [s\src\hotspot\share\prims\jni.cpp, line 517]
Event: 13.003 Thread 0x00000152acb128b0 Exception <a 'sun/nio/fs/WindowsException'{0x0000000088f1a400}> (0x0000000088f1a400) 
thrown [s\src\hotspot\share\prims\jni.cpp, line 517]
Event: 13.007 Thread 0x00000152af33aec0 Exception <a 'sun/nio/fs/WindowsException'{0x000000008881b820}> (0x000000008881b820) 
thrown [s\src\hotspot\share\prims\jni.cpp, line 517]
Event: 13.007 Thread 0x00000152af33aec0 Exception <a 'sun/nio/fs/WindowsException'{0x000000008881b9c8}> (0x000000008881b9c8) 
thrown [s\src\hotspot\share\prims\jni.cpp, line 517]
Event: 13.016 Thread 0x00000152af33a9b0 Exception <a 'sun/nio/fs/WindowsException'{0x0000000087d01ba0}> (0x0000000087d01ba0) 
thrown [s\src\hotspot\share\prims\jni.cpp, line 517]
Event: 13.017 Thread 0x00000152af33a9b0 Exception <a 'sun/nio/fs/WindowsException'{0x0000000087d01d58}> (0x0000000087d01d58) 
thrown [s\src\hotspot\share\prims\jni.cpp, line 517]
Event: 13.022 Thread 0x00000152af339060 Exception <a 'sun/nio/fs/WindowsException'{0x0000000087b78a40}> (0x0000000087b78a40) 
thrown [s\src\hotspot\share\prims\jni.cpp, line 517]
Event: 13.033 Thread 0x00000152af33bdf0 Exception <a 'sun/nio/fs/WindowsException'{0x0000000086feb8d8}> (0x0000000086feb8d8) 
thrown [s\src\hotspot\share\prims\jni.cpp, line 517]
Event: 13.034 Thread 0x00000152af33bdf0 Exception <a 'sun/nio/fs/WindowsException'{0x0000000086febaa8}> (0x0000000086febaa8) 
thrown [s\src\hotspot\share\prims\jni.cpp, line 517]
Event: 13.037 Thread 0x00000152af33b8e0 Exception <a 'sun/nio/fs/WindowsException'{0x0000000086ab6db8}> (0x0000000086ab6db8) 
thrown [s\src\hotspot\share\prims\jni.cpp, line 517]
Event: 13.038 Thread 0x00000152af33b8e0 Exception <a 'sun/nio/fs/WindowsException'{0x0000000086ab6f30}> (0x0000000086ab6f30) 
thrown [s\src\hotspot\share\prims\jni.cpp, line 517]
Event: 13.073 Thread 0x00000152af339a80 Exception <a 'sun/nio/fs/WindowsException'{0x000000008c9c26c0}> (0x000000008c9c26c0) 
thrown [s\src\hotspot\share\prims\jni.cpp, line 517]
Event: 13.087 Thread 0x00000152acb128b0 Exception <a 'sun/nio/fs/WindowsException'{0x000000008b36ebe0}> (0x000000008b36ebe0) 
thrown [s\src\hotspot\share\prims\jni.cpp, line 517]
Event: 13.088 Thread 0x00000152acb128b0 Exception <a 'sun/nio/fs/WindowsException'{0x000000008b36edb0}> (0x000000008b36edb0) 
thrown [s\src\hotspot\share\prims\jni.cpp, line 517]
Event: 13.152 Thread 0x00000152af339060 Exception <a 'sun/nio/fs/WindowsException'{0x00000000875c4248}> (0x00000000875c4248) 
thrown [s\src\hotspot\share\prims\jni.cpp, line 517]
Event: 13.153 Thread 0x00000152af339060 Exception <a 'sun/nio/fs/WindowsException'{0x00000000875c43d8}> (0x00000000875c43d8) 
thrown [s\src\hotspot\share\prims\jni.cpp, line 517]
Event: 13.525 Thread 0x00000152af339a80 Exception <a 'sun/nio/fs/WindowsException'{0x000000008c4bd988}> (0x000000008c4bd988) 
thrown [s\src\hotspot\share\prims\jni.cpp, line 517]
Event: 13.526 Thread 0x00000152af339a80 Exception <a 'sun/nio/fs/WindowsException'{0x000000008c4bdb38}> (0x000000008c4bdb38) 
thrown [s\src\hotspot\share\prims\jni.cpp, line 517]

VM Operations (20 events):
Event: 12.144 Executing VM operation: HandshakeAllThreads done
Event: 12.516 Executing VM operation: ICBufferFull
Event: 12.516 Executing VM operation: ICBufferFull done
Event: 12.714 Executing VM operation: G1CollectForAllocation
Event: 12.718 Executing VM operation: G1CollectForAllocation done
Event: 12.987 Executing VM operation: HandshakeAllThreads
Event: 12.987 Executing VM operation: HandshakeAllThreads done
Event: 13.056 Executing VM operation: G1CollectForAllocation
Event: 13.060 Executing VM operation: G1CollectForAllocation done
Event: 13.178 Executing VM operation: G1CollectForAllocation
Event: 13.183 Executing VM operation: G1CollectForAllocation done
Event: 13.333 Executing VM operation: G1CollectForAllocation
Event: 13.337 Executing VM operation: G1CollectForAllocation done
Event: 13.501 Executing VM operation: G1CollectForAllocation
Event: 13.506 Executing VM operation: G1CollectForAllocation done
Event: 13.765 Executing VM operation: HandshakeAllThreads
Event: 13.765 Executing VM operation: HandshakeAllThreads done
Event: 13.766 Executing VM operation: HandshakeAllThreads
Event: 13.766 Executing VM operation: HandshakeAllThreads done
Event: 13.774 Executing VM operation: G1CollectForAllocation

Events (20 events):
Event: 11.391 Thread 0x00000152a697c520 flushing nmethod 0x00000152903f5790
Event: 11.391 Thread 0x00000152a697c520 flushing nmethod 0x00000152903f5b10
Event: 11.391 Thread 0x00000152a697c520 flushing nmethod 0x00000152903f5e90
Event: 11.391 Thread 0x00000152a697c520 flushing nmethod 0x00000152903f6210
Event: 11.391 Thread 0x00000152a697c520 flushing nmethod 0x00000152903f7710
Event: 11.391 Thread 0x00000152a697c520 flushing nmethod 0x00000152903f9e10
Event: 11.391 Thread 0x00000152a697c520 flushing nmethod 0x00000152903fa510
Event: 11.391 Thread 0x00000152a697c520 flushing nmethod 0x0000015290403610
Event: 11.391 Thread 0x00000152a697c520 flushing nmethod 0x000001529040e990
Event: 11.391 Thread 0x00000152a697c520 flushing nmethod 0x0000015290444790
Event: 11.391 Thread 0x00000152a697c520 flushing nmethod 0x000001529045c090
Event: 12.134 loading class java/util/concurrent/LinkedBlockingDeque$Itr
Event: 12.134 loading class java/util/concurrent/LinkedBlockingDeque$AbstractItr
Event: 12.134 loading class java/util/concurrent/LinkedBlockingDeque$AbstractItr done
Event: 12.134 loading class java/util/concurrent/LinkedBlockingDeque$Itr done
Event: 12.256 Thread 0x00000152a6976c00 Thread exited: 0x00000152a6976c00
Event: 12.329 Thread 0x00000152af956480 Thread added: 0x00000152af956480
Event: 13.002 Thread 0x00000152a697c520 flushing nmethod 0x0000015290456490
Event: 13.763 loading class java/io/PushbackInputStream
Event: 13.763 loading class java/io/PushbackInputStream done


Dynamic libraries:
0x00007ff7be720000 - 0x00007ff7be72a000 	C:\Program Files\Android\Android Studio\jbr\bin\java.exe
0x00007fffcaa90000 - 0x00007fffcac88000 	C:\WINDOWS\SYSTEM32\ntdll.dll
0x00007fffc8cd0000 - 0x00007fffc8d92000 	C:\WINDOWS\System32\KERNEL32.DLL
0x00007fffc8500000 - 0x00007fffc87ff000 	C:\WINDOWS\System32\KERNELBASE.dll
0x00007fffc82b0000 - 0x00007fffc83b0000 	C:\WINDOWS\System32\ucrtbase.dll
0x00007fffa2e10000 - 0x00007fffa2e27000 	C:\Program Files\Android\Android Studio\jbr\bin\jli.dll
0x00007fffa40b0000 - 0x00007fffa40cb000 	C:\Program Files\Android\Android Studio\jbr\bin\VCRUNTIME140.dll
0x00007fffca630000 - 0x00007fffca7cd000 	C:\WINDOWS\System32\USER32.dll
0x00007fffc75d0000 - 0x00007fffc786a000 	C:\WINDOWS\WinSxS\amd64_microsoft.windows.common-controls_6595b64144ccf1df_6.0.19041.4355_none_60b8b9eb71f62e16\COMCTL32.dll
0x00007fffc8280000 - 0x00007fffc82a2000 	C:\WINDOWS\System32\win32u.dll
0x00007fffca010000 - 0x00007fffca0ae000 	C:\WINDOWS\System32\msvcrt.dll
0x00007fffca140000 - 0x00007fffca16b000 	C:\WINDOWS\System32\GDI32.dll
0x00007fffc83e0000 - 0x00007fffc84f7000 	C:\WINDOWS\System32\gdi32full.dll
0x00007fffc8920000 - 0x00007fffc89bd000 	C:\WINDOWS\System32\msvcp_win.dll
0x00007fffc8b70000 - 0x00007fffc8b9f000 	C:\WINDOWS\System32\IMM32.DLL
0x00007fffb6e90000 - 0x00007fffb6e9c000 	C:\Program Files\Android\Android Studio\jbr\bin\vcruntime140_1.dll
0x00007fff8ced0000 - 0x00007fff8cf5d000 	C:\Program Files\Android\Android Studio\jbr\bin\msvcp140.dll
0x00007fff47df0000 - 0x00007fff48a73000 	C:\Program Files\Android\Android Studio\jbr\bin\server\jvm.dll
0x00007fffc8ab0000 - 0x00007fffc8b61000 	C:\WINDOWS\System32\ADVAPI32.dll
0x00007fffc9f10000 - 0x00007fffc9faf000 	C:\WINDOWS\System32\sechost.dll
0x00007fffca7d0000 - 0x00007fffca8f3000 	C:\WINDOWS\System32\RPCRT4.dll
0x00007fffc83b0000 - 0x00007fffc83d7000 	C:\WINDOWS\System32\bcrypt.dll
0x00007fffc7d10000 - 0x00007fffc7d5b000 	C:\WINDOWS\SYSTEM32\POWRPROF.dll
0x00007fffaf410000 - 0x00007fffaf419000 	C:\WINDOWS\SYSTEM32\WSOCK32.dll
0x00007fffb45a0000 - 0x00007fffb45c7000 	C:\WINDOWS\SYSTEM32\WINMM.dll
0x00007fffc8f30000 - 0x00007fffc8f9b000 	C:\WINDOWS\System32\WS2_32.dll
0x00007fffc17e0000 - 0x00007fffc17ea000 	C:\WINDOWS\SYSTEM32\VERSION.dll
0x00007fffc7870000 - 0x00007fffc7882000 	C:\WINDOWS\SYSTEM32\UMPDC.dll
0x00007fffc58e0000 - 0x00007fffc58f2000 	C:\WINDOWS\SYSTEM32\kernel.appcore.dll
0x00007fffc0990000 - 0x00007fffc099a000 	C:\Program Files\Android\Android Studio\jbr\bin\jimage.dll
0x00007fffc7b20000 - 0x00007fffc7d04000 	C:\WINDOWS\SYSTEM32\DBGHELP.DLL
0x00007fffc7a60000 - 0x00007fffc7a94000 	C:\WINDOWS\SYSTEM32\dbgcore.DLL
0x00007fffc89c0000 - 0x00007fffc8a42000 	C:\WINDOWS\System32\bcryptPrimitives.dll
0x00007fffa3e60000 - 0x00007fffa3e6e000 	C:\Program Files\Android\Android Studio\jbr\bin\instrument.dll
0x00007fffaecd0000 - 0x00007fffaecf5000 	C:\Program Files\Android\Android Studio\jbr\bin\java.dll
0x00007fffbb360000 - 0x00007fffbb378000 	C:\Program Files\Android\Android Studio\jbr\bin\zip.dll
0x00007fffc95d0000 - 0x00007fffc9d3e000 	C:\WINDOWS\System32\SHELL32.dll
0x00007fffc5ae0000 - 0x00007fffc6284000 	C:\WINDOWS\SYSTEM32\windows.storage.dll
0x00007fffca170000 - 0x00007fffca4c5000 	C:\WINDOWS\System32\combase.dll
0x00007fffc7360000 - 0x00007fffc738f000 	C:\WINDOWS\SYSTEM32\Wldp.dll
0x00007fffc9e20000 - 0x00007fffc9eed000 	C:\WINDOWS\System32\OLEAUT32.dll
0x00007fffca4d0000 - 0x00007fffca57d000 	C:\WINDOWS\System32\SHCORE.dll
0x00007fffc8ed0000 - 0x00007fffc8f25000 	C:\WINDOWS\System32\shlwapi.dll
0x00007fffc8050000 - 0x00007fffc8074000 	C:\WINDOWS\SYSTEM32\profapi.dll
0x00007fffb07e0000 - 0x00007fffb07f9000 	C:\Program Files\Android\Android Studio\jbr\bin\net.dll
0x00007fffbfac0000 - 0x00007fffbfbcd000 	C:\WINDOWS\SYSTEM32\WINHTTP.dll
0x00007fffc7140000 - 0x00007fffc71aa000 	C:\WINDOWS\system32\mswsock.dll
0x00007fffa43d0000 - 0x00007fffa43e6000 	C:\Program Files\Android\Android Studio\jbr\bin\nio.dll
0x00007fffa3e70000 - 0x00007fffa3e80000 	C:\Program Files\Android\Android Studio\jbr\bin\verify.dll
0x00007fff919f0000 - 0x00007fff91a17000 	C:\Users\Juanfi\.gradle\native\c067742578af261105cb4f569cf0c3c89f3d7b1fecec35dd04571415982c5e48\windows-amd64\native-platform.dll
0x00007fff816a0000 - 0x00007fff817e4000 	C:\Users\Juanfi\.gradle\native\38dada09dfb8b06ba9b0570ebf7e218e3eb74d4ef43ca46872605cf95ebc2f47\windows-amd64\native-platform-file-events.dll
0x00007fffa7060000 - 0x00007fffa7069000 	C:\Program Files\Android\Android Studio\jbr\bin\management.dll
0x00007fffa4370000 - 0x00007fffa437b000 	C:\Program Files\Android\Android Studio\jbr\bin\management_ext.dll
0x00007fffc8aa0000 - 0x00007fffc8aa8000 	C:\WINDOWS\System32\PSAPI.DLL
0x00007fffc7e90000 - 0x00007fffc7ea8000 	C:\WINDOWS\SYSTEM32\CRYPTSP.dll
0x00007fffc6ae0000 - 0x00007fffc6b14000 	C:\WINDOWS\system32\rsaenh.dll
0x00007fffc8010000 - 0x00007fffc803e000 	C:\WINDOWS\SYSTEM32\USERENV.dll
0x00007fffc72d0000 - 0x00007fffc72dc000 	C:\WINDOWS\SYSTEM32\CRYPTBASE.dll
0x00007fffc6e40000 - 0x00007fffc6e7b000 	C:\WINDOWS\SYSTEM32\IPHLPAPI.DLL
0x00007fffc8ec0000 - 0x00007fffc8ec8000 	C:\WINDOWS\System32\NSI.dll
0x00007fffc0960000 - 0x00007fffc0977000 	C:\WINDOWS\SYSTEM32\dhcpcsvc6.DLL
0x00007fffc0940000 - 0x00007fffc095d000 	C:\WINDOWS\SYSTEM32\dhcpcsvc.DLL
0x00007fffc6e80000 - 0x00007fffc6f4a000 	C:\WINDOWS\SYSTEM32\DNSAPI.dll
0x00007fffa73d0000 - 0x00007fffa73d9000 	C:\Program Files\Android\Android Studio\jbr\bin\extnet.dll
0x00007fffa74d0000 - 0x00007fffa74d7000 	C:\WINDOWS\system32\wshunix.dll

dbghelp: loaded successfully - version: 4.0.5 - missing functions: none
symbol engine: initialized successfully - sym options: 0x614 - pdb path: .;C:\Program Files\Android\Android Studio\jbr\bin;C:\WINDOWS\SYSTEM32;C:\WINDOWS\WinSxS\amd64_microsoft.windows.common-controls_6595b64144ccf1df_6.0.19041.4355_none_60b8b9eb71f62e16;C:\Program Files\Android\Android Studio\jbr\bin\server;C:\Users\Juanfi\.gradle\native\c067742578af261105cb4f569cf0c3c89f3d7b1fecec35dd04571415982c5e48\windows-amd64;C:\Users\Juanfi\.gradle\native\38dada09dfb8b06ba9b0570ebf7e218e3eb74d4ef43ca46872605cf95ebc2f47\windows-amd64

VM Arguments:
jvm_args: --add-opens=java.base/java.util=ALL-UNNAMED --add-opens=java.base/java.lang=ALL-UNNAMED --add-opens=java.base/java.lang.invoke=ALL-UNNAMED --add-opens=java.prefs/java.util.prefs=ALL-UNNAMED --add-opens=java.base/java.nio.charset=ALL-UNNAMED --add-opens=java.base/java.net=ALL-UNNAMED --add-opens=java.base/java.util.concurrent.atomic=ALL-UNNAMED -Xmx2048m -Dfile.encoding=UTF-8 -Duser.country=ES -Duser.language=es -Duser.variant -javaagent:C:\Users\Juanfi\.gradle\wrapper\dists\gradle-8.4-all\56r6xik2f6skrm47et0ibifug\gradle-8.4\lib\agents\gradle-instrumentation-agent-8.4.jar 
java_command: org.gradle.launcher.daemon.bootstrap.GradleDaemon 8.4
java_class_path (initial): C:\Users\Juanfi\.gradle\wrapper\dists\gradle-8.4-all\56r6xik2f6skrm47et0ibifug\gradle-8.4\lib\gradle-launcher-8.4.jar
Launcher Type: SUN_STANDARD

[Global flags]
     intx CICompilerCount                          = 4                                         {product} {ergonomic}
     uint ConcGCThreads                            = 3                                         {product} {ergonomic}
     uint G1ConcRefinementThreads                  = 10                                        {product} {ergonomic}
   size_t G1HeapRegionSize                         = 1048576                                   {product} {ergonomic}
    uintx GCDrainStackTargetSize                   = 64                                        {product} {ergonomic}
   size_t InitialHeapSize                          = 268435456                                 {product} {ergonomic}
   size_t MarkStackSize                            = 4194304                                   {product} {ergonomic}
   size_t MaxHeapSize                              = 2147483648                                {product} {command line}
   size_t MaxNewSize                               = 1287651328                                {product} {ergonomic}
   size_t MinHeapDeltaBytes                        = 1048576                                   {product} {ergonomic}
   size_t MinHeapSize                              = 8388608                                   {product} {ergonomic}
    uintx NonNMethodCodeHeapSize                   = 5839372                                {pd product} {ergonomic}
    uintx NonProfiledCodeHeapSize                  = 122909434                              {pd product} {ergonomic}
    uintx ProfiledCodeHeapSize                     = 122909434                              {pd product} {ergonomic}
    uintx ReservedCodeCacheSize                    = 251658240                              {pd product} {ergonomic}
     bool SegmentedCodeCache                       = true                                      {product} {ergonomic}
   size_t SoftMaxHeapSize                          = 2147483648                             {manageable} {ergonomic}
     bool UseCompressedClassPointers               = true                           {product lp64_product} {ergonomic}
     bool UseCompressedOops                        = true                           {product lp64_product} {ergonomic}
     bool UseG1GC                                  = true                                      {product} {ergonomic}
     bool UseLargePagesIndividualAllocation        = false                                  {pd product} {ergonomic}

Logging:
Log output configuration:
 #0: stdout all=warning uptime,level,tags
 #1: stderr all=off uptime,level,tags

Environment Variables:
JAVA_HOME=C:\Program Files\Java\jdk-17
CLASSPATH=C:\Users\Juanfi\eclipse-workspace\tema1\bin;
PATH=C:\Program Files\Common Files\Oracle\Java\javapath;C:\Program Files (x86)\VMware\VMware Workstation\bin\;C:\oraclexe\app\oracle\product\11.2.0\server\bin;C:\Program Files (x86)\Common Files\Oracle\Java\javapath;C:\Windows\system32;C:\Windows;C:\Windows\System32\Wbem;C:\Windows\System32\WindowsPowerShell\v1.0\;C:\Windows\System32\OpenSSH\;C:\Program Files (x86)\NVIDIA Corporation\PhysX\Common;C:\Program Files\NVIDIA Corporation\NVIDIA NvDLISR;C:\Program Files (x86)\IDM Computer Solutions\UltraEdit-32;C:\WINDOWS\system32;C:\WINDOWS;C:\WINDOWS\System32\Wbem;C:\WINDOWS\System32\WindowsPowerShell\v1.0\;C:\WINDOWS\System32\OpenSSH\;C:\Program Files\MySQL\MySQL Server 8.0\bin;C:\Program Files\MySQL\MySQL Server 8.0\data;C:\Program Files (x86)\Gpg4win\..\GnuPG\bin;C:\Program Files\Amazon\AWSCLIV2\;;C:\Program Files\Docker\Docker\resources\bin;C:\Program Files\AutoFirma\AutoFirma;C:\Users\Juanfi\AppData\Local\Microsoft\WindowsApps;C:\Program Files\JetBrains\IntelliJ IDEA Community Edition 2023.1\bin;;C:\Program Files\Java\jdk-17\bin;
USERNAME=Juanfi
OS=Windows_NT
PROCESSOR_IDENTIFIER=Intel64 Family 6 Model 158 Stepping 10, GenuineIntel
TMP=C:\Users\Juanfi\AppData\Local\Temp
TEMP=C:\Users\Juanfi\AppData\Local\Temp



Periodic native trim disabled

JNI global refs:
JNI global refs: 28, weak refs: 9

JNI global refs memory usage: 843, weak refs: 1473

OOME stack traces (most recent first):
Classloader memory used:
Loader org.gradle.internal.classloader.VisitableURLClassLoader                         : 3624K
Loader bootstrap                                                                       : 2431K
Loader org.gradle.initialization.MixInLegacyTypesClassLoader                           : 676K
Loader org.gradle.internal.classloader.VisitableURLClassLoader                         : 80991B
Loader jdk.internal.loader.ClassLoaders$PlatformClassLoader                            : 66671B
Loader jdk.internal.loader.ClassLoaders$AppClassLoader                                 : 28453B
Loader jdk.internal.reflect.DelegatingClassLoader                                      : 26172B
Loader org.gradle.groovy.scripts.internal.DefaultScriptCompilationHandler$ScriptClassLoader: 8562B
Loader groovy.lang.GroovyClassLoader$InnerLoader                                       : 2450B
Loader org.codehaus.groovy.runtime.callsite.CallSiteClassLoader                        : 876B

Classes loaded by more than one classloader:
Class org.gradle.api.GradleException                                                  : loaded 3 times (x 80B)
Class org.gradle.util.GradleVersion                                                   : loaded 2 times (x 81B)
Class org.gradle.internal.classpath.ClassPath                                         : loaded 2 times (x 68B)
Class org.gradle.api.internal.classpath.DefaultModuleRegistry                         : loaded 2 times (x 84B)
Class org.gradle.internal.exceptions.NonGradleCauseExceptionsHolder                   : loaded 2 times (x 68B)
Class org.gradle.api.Action                                                           : loaded 2 times (x 68B)
Class org.gradle.api.internal.DefaultClassPathProvider                                : loaded 2 times (x 74B)
Class org.gradle.internal.installation.GradleInstallation$1                           : loaded 2 times (x 73B)
Class org.gradle.internal.exceptions.DefaultMultiCauseException                       : loaded 2 times (x 93B)
Class org.gradle.internal.time.MonotonicClock                                         : loaded 2 times (x 75B)
Class org.gradle.internal.classloader.FilteringClassLoader                            : loaded 2 times (x 103B)
Class org.gradle.internal.classpath.DefaultClassPath$ImmutableUniqueList$Builder      : loaded 2 times (x 73B)
Class org.gradle.internal.classloader.ClassLoaderVisitor                              : loaded 2 times (x 74B)
Class _BuildScript_                                                                   : loaded 2 times (x 171B)
Class org.gradle.internal.time.DefaultCountdownTimer                                  : loaded 2 times (x 86B)
Class _BuildScript_$_run_closure1                                                     : loaded 2 times (x 130B)
Class org.gradle.internal.service.DefaultServiceLocator                               : loaded 2 times (x 81B)
Class org.gradle.internal.service.UnknownServiceException                             : loaded 2 times (x 81B)
Class org.gradle.internal.classloader.DefaultClassLoaderFactory                       : loaded 2 times (x 80B)
Class org.gradle.internal.classloader.VisitableURLClassLoader$Spec                    : loaded 2 times (x 72B)
Class org.gradle.tooling.model.ProjectModel                                           : loaded 2 times (x 68B)
Class org.gradle.internal.installation.GradleInstallation                             : loaded 2 times (x 73B)
Class org.gradle.api.internal.classpath.ModuleRegistry                                : loaded 2 times (x 68B)
Class org.gradle.api.internal.ClassPathProvider                                       : loaded 2 times (x 68B)
Class org.gradle.internal.classloader.ClasspathUtil$1                                 : loaded 2 times (x 74B)
Class org.gradle.internal.classloader.ClassLoaderFactory                              : loaded 2 times (x 68B)
Class org.gradle.api.internal.classpath.ManifestUtil                                  : loaded 2 times (x 69B)
Class org.gradle.api.specs.Spec                                                       : loaded 2 times (x 68B)
Class org.gradle.internal.IoActions                                                   : loaded 2 times (x 69B)
Class org.gradle.api.internal.classpath.EffectiveClassPath                            : loaded 2 times (x 88B)
Class org.gradle.internal.exceptions.ResolutionProvider                               : loaded 2 times (x 68B)
Class org.gradle.internal.installation.CurrentGradleInstallation                      : loaded 2 times (x 71B)
Class org.gradle.internal.agents.InstrumentingClassLoader                             : loaded 2 times (x 68B)
Class org.gradle.internal.installation.CurrentGradleInstallationLocator               : loaded 2 times (x 69B)
Class org.gradle.api.internal.classpath.Module                                        : loaded 2 times (x 68B)
Class org.gradle.internal.service.CachingServiceLocator                               : loaded 2 times (x 80B)
Class org.gradle.internal.time.Timer                                                  : loaded 2 times (x 68B)
Class org.gradle.internal.classpath.DefaultClassPath                                  : loaded 2 times (x 88B)
Class org.gradle.internal.time.Time                                                   : loaded 2 times (x 69B)
Class org.gradle.internal.time.TimeSource$1                                           : loaded 2 times (x 75B)
Class org.gradle.internal.classloader.SystemClassLoaderSpec                           : loaded 2 times (x 69B)
Class kotlin.Function                                                                 : loaded 2 times (x 68B)
Class org.gradle.api.UncheckedIOException                                             : loaded 2 times (x 80B)
Class org.gradle.internal.time.CountdownTimer                                         : loaded 2 times (x 68B)
Class org.gradle.internal.time.Clock                                                  : loaded 2 times (x 68B)
Class org.gradle.internal.classloader.ClasspathUtil                                   : loaded 2 times (x 69B)
Class org.gradle.api.internal.DefaultClassPathRegistry                                : loaded 2 times (x 74B)
Class org.gradle.api.internal.classpath.DefaultModuleRegistry$DefaultModule           : loaded 2 times (x 84B)
Class org.gradle.internal.time.TimeSource                                             : loaded 2 times (x 68B)
Class org.gradle.api.internal.classpath.UnknownModuleException                        : loaded 2 times (x 80B)
Class org.gradle.internal.service.ServiceLookupException                              : loaded 2 times (x 80B)
Class org.gradle.cache.GlobalCache                                                    : loaded 2 times (x 68B)
Class [Lorg.gradle.api.internal.ClassPathProvider;                                    : loaded 2 times (x 67B)
Class org.gradle.internal.operations.MultipleBuildOperationFailures                   : loaded 2 times (x 93B)
Class org.gradle.util.internal.GUtil                                                  : loaded 2 times (x 69B)
Class org.gradle.internal.classloader.ClassLoaderSpec                                 : loaded 2 times (x 69B)
Class org.gradle.internal.classloader.VisitableURLClassLoader                         : loaded 2 times (x 115B)
Class org.gradle.internal.Cast                                                        : loaded 2 times (x 69B)
Class org.gradle.api.internal.ClassPathRegistry                                       : loaded 2 times (x 68B)
Class org.gradle.internal.classloader.VisitableURLClassLoader$InstrumentingVisitableURLClassLoader: loaded 2 times (x 121B)
Class org.gradle.internal.classloader.ClassLoaderHierarchy                            : loaded 2 times (x 68B)
Class org.gradle.internal.exceptions.MultiCauseException                              : loaded 2 times (x 68B)
Class sync_studio_tooling2_7sk320wpsk6m5nalk6bu3m4fh                                  : loaded 2 times (x 177B)
Class org.gradle.internal.InternalTransformer                                         : loaded 2 times (x 68B)
Class org.gradle.internal.service.ServiceLocator                                      : loaded 2 times (x 68B)
Class org.gradle.internal.classpath.DefaultClassPath$ImmutableUniqueList              : loaded 2 times (x 159B)
Class org.gradle.internal.time.DefaultTimer                                           : loaded 2 times (x 78B)
Class org.gradle.internal.classpath.TransformedClassPath                              : loaded 2 times (x 94B)
Class sync_studio_tooling2_7sk320wpsk6m5nalk6bu3m4fh$_run_closure1                    : loaded 2 times (x 137B)


---------------  S Y S T E M  ---------------

OS:
 Windows 10 , 64 bit Build 19041 (10.0.19041.5198)
OS uptime: 7 days 10:51 hours
Hyper-V role detected

CPU: total 12 (initial active 12) (6 cores per cpu, 2 threads per core) family 6 model 158 stepping 10 microcode 0xde, cx8, cmov, fxsr, ht, mmx, 3dnowpref, sse, sse2, sse3, ssse3, sse4.1, sse4.2, popcnt, lzcnt, tsc, tscinvbit, avx, avx2, aes, erms, clmul, bmi1, bmi2, adx, fma, vzeroupper, clflush, clflushopt, hv
Processor Information for all 12 processors :
  Max Mhz: 2208, Current Mhz: 2208, Mhz Limit: 2208

Memory: 4k page, system-wide physical 16257M (617M free)
TotalPageFile size 18257M (AvailPageFile size 40M)
current process WorkingSet (physical memory assigned to process): 427M, peak: 431M
current process commit charge ("private bytes"): 467M, peak: 511M

vm_info: OpenJDK 64-Bit Server VM (17.0.10+0--11609105) for windows-amd64 JRE (17.0.10+0--11609105), built on Mar 21 2024 19:10:56 by "androidbuild" with MS VC++ 16.10 / 16.11 (VS2019)

END.
