#
# There is insufficient memory for the Java Runtime Environment to continue.
# Native memory allocation (mmap) failed to map 327155712 bytes. Error detail: G1 virtual space
# Possible reasons:
#   The system is out of physical RAM or swap space
#   This process is running with CompressedOops enabled, and the Java Heap may be blocking the growth of the native heap
# Possible solutions:
#   Reduce memory load on the system
#   Increase physical memory or swap space
#   Check if swap backing store is full
#   Decrease Java heap size (-Xmx/-Xms)
#   Decrease number of Java threads
#   Decrease Java thread stack sizes (-Xss)
#   Set larger code cache with -XX:ReservedCodeCacheSize=
#   JVM is running with Zero Based Compressed Oops mode in which the Java heap is
#     placed in the first 32GB address space. The Java Heap base address is the
#     maximum limit for the native heap growth. Please use -XX:HeapBaseMinAddress
#     to set the Java Heap base and to place the Java Heap above 32GB virtual address.
# This output file may be truncated or incomplete.
#
#  Out of Memory Error (os_windows.cpp:3631), pid=14532, tid=11840
#
# JRE version:  (22.0.2+9) (build )
# Java VM: Java HotSpot(TM) 64-Bit Server VM (22.0.2+9-70, mixed mode, sharing, tiered, compressed oops, compressed class ptrs, g1 gc, windows-amd64)
# No core dump will be written. Minidumps are not enabled by default on client versions of Windows
#

---------------  S U M M A R Y ------------

Command Line: practicaTema1.NumberCounter

Host: AMD Ryzen 5 4600H with Radeon Graphics         , 12 cores, 19G,  Windows 10 , 64 bit Build 19041 (10.0.19041.4842)
Time: Fri Oct  4 19:42:48 2024 Hora de verano romance elapsed time: 0.014382 seconds (0d 0h 0m 0s)

---------------  T H R E A D  ---------------

Current thread (0x000001d778e37da0):  JavaThread "Unknown thread" [_thread_in_vm, id=11840, stack(0x00000032f2900000,0x00000032f2a00000) (1024K)]

Stack: [0x00000032f2900000,0x00000032f2a00000]
Native frames: (J=compiled Java code, j=interpreted, Vv=VM code, C=native code)
V  [jvm.dll+0x6e26e9]  (no source info available)
V  [jvm.dll+0x875753]  (no source info available)
V  [jvm.dll+0x877b7e]  (no source info available)
V  [jvm.dll+0x878253]  (no source info available)
V  [jvm.dll+0x27fc86]  (no source info available)
V  [jvm.dll+0x6ded85]  (no source info available)
V  [jvm.dll+0x6d388a]  (no source info available)
V  [jvm.dll+0x358b8a]  (no source info available)
V  [jvm.dll+0x3610b6]  (no source info available)
V  [jvm.dll+0x3b419e]  (no source info available)
V  [jvm.dll+0x3b4448]  (no source info available)
V  [jvm.dll+0x32c5ec]  (no source info available)
V  [jvm.dll+0x32d258]  (no source info available)
V  [jvm.dll+0x83d5ac]  (no source info available)
V  [jvm.dll+0x3c10d1]  (no source info available)
V  [jvm.dll+0x8264cc]  (no source info available)
V  [jvm.dll+0x45bd5e]  (no source info available)
V  [jvm.dll+0x45dbe1]  (no source info available)
C  [jli.dll+0x52a3]  (no source info available)
C  [ucrtbase.dll+0x21bb2]  (no source info available)
C  [KERNEL32.DLL+0x17374]  (no source info available)
C  [ntdll.dll+0x4cc91]  (no source info available)


---------------  P R O C E S S  ---------------

Threads class SMR info:
_java_thread_list=0x00007fffc42cc1c8, length=0, elements={
}

Java Threads: ( => current thread )
Total: 0

Other Threads:
  0x000001d77b10e8f0 WorkerThread "GC Thread#0"                     [id=26816, stack(0x00000032f2a00000,0x00000032f2b00000) (1024K)]
  0x000001d77b11acc0 ConcurrentGCThread "G1 Main Marker"            [id=4836, stack(0x00000032f2b00000,0x00000032f2c00000) (1024K)]
  0x000001d77b11ce90 WorkerThread "G1 Conc#0"                       [id=41820, stack(0x00000032f2c00000,0x00000032f2d00000) (1024K)]

[error occurred during error reporting (printing all threads), id 0xc0000005, EXCEPTION_ACCESS_VIOLATION (0xc0000005) at pc=0x00007fffc3a1f517]
VM state: not at safepoint (not fully initialized)

VM Mutex/Monitor currently owned by a thread:  ([mutex/lock_event])
[0x00007fffc434cc80] Heap_lock - owner thread: 0x000001d778e37da0

Heap address: 0x00000006ca000000, size: 4960 MB, Compressed Oops mode: Zero based, Oop shift amount: 3

CDS archive(s) mapped at: [0x0000000000000000-0x0000000000000000-0x0000000000000000), size 0, SharedBaseAddress: 0x0000000800000000, ArchiveRelocationMode: 1.
Narrow klass base: 0x0000000000000000, Narrow klass shift: 0, Narrow klass range: 0x0

GC Precious Log:
 CardTable entry size: 512
 Card Set container configuration: InlinePtr #cards 4 size 8 Array Of Cards #cards 32 size 80 Howl #buckets 8 coarsen threshold 7372 Howl Bitmap #cards 1024 size 144 coarsen threshold 921 Card regions per heap region 1 cards per card region 8192

Heap:
 garbage-first heap   total reserved 5079040K, committed 0K, used 0K [0x00000006ca000000, 0x0000000800000000)
  region size 4096K, 0 young (0K), 0 survivors (0K)

[error occurred during error reporting (printing heap information), id 0xc0000005, EXCEPTION_ACCESS_VIOLATION (0xc0000005) at pc=0x00007fffc3e1e869]
GC Heap History (0 events):
No events

Dll operation events (1 events):
Event: 0.009 Loaded shared library C:\Program Files\Java\jdk-22\bin\java.dll

Deoptimization events (0 events):
No events

Classes loaded (0 events):
No events

Classes unloaded (0 events):
No events

Classes redefined (0 events):
No events

Internal exceptions (0 events):
No events

ZGC Phase Switch (0 events):
No events

VM Operations (0 events):
No events

Memory protections (0 events):
No events

Nmethod flushes (0 events):
No events

Events (0 events):
No events


Dynamic libraries:
0x00007ff7daab0000 - 0x00007ff7daac0000 	C:\Program Files\Java\jdk-22\bin\java.exe
0x00007ff822570000 - 0x00007ff822768000 	C:\Windows\SYSTEM32\ntdll.dll
0x00007ff820670000 - 0x00007ff820731000 	C:\Windows\System32\KERNEL32.DLL
0x00007ff8201d0000 - 0x00007ff8204cd000 	C:\Windows\System32\KERNELBASE.dll
0x00007ff81fce0000 - 0x00007ff81fde0000 	C:\Windows\System32\ucrtbase.dll
0x00007ff81a000000 - 0x00007ff81a01b000 	C:\Program Files\Java\jdk-22\bin\VCRUNTIME140.dll
0x00007ff819fe0000 - 0x00007ff819ff7000 	C:\Program Files\Java\jdk-22\bin\jli.dll
0x00007ff822380000 - 0x00007ff82251d000 	C:\Windows\System32\USER32.dll
0x00007ff8200f0000 - 0x00007ff820112000 	C:\Windows\System32\win32u.dll
0x00007ff8222d0000 - 0x00007ff8222fb000 	C:\Windows\System32\GDI32.dll
0x00007ff81fe70000 - 0x00007ff81ff87000 	C:\Windows\System32\gdi32full.dll
0x00007ff820500000 - 0x00007ff82059d000 	C:\Windows\System32\msvcp_win.dll
0x00007ff80e210000 - 0x00007ff80e4aa000 	C:\Windows\WinSxS\amd64_microsoft.windows.common-controls_6595b64144ccf1df_6.0.19041.4355_none_60b8b9eb71f62e16\COMCTL32.dll
0x00007ff8213a0000 - 0x00007ff82143e000 	C:\Windows\System32\msvcrt.dll
0x00007ff8217b0000 - 0x00007ff8217df000 	C:\Windows\System32\IMM32.DLL
0x0000000069d20000 - 0x0000000069d2c000 	C:\Program Files (x86)\360\Total Security\safemon\SafeWrapper.dll
0x00007ff820ba0000 - 0x00007ff820c50000 	C:\Windows\System32\ADVAPI32.dll
0x00007ff8212a0000 - 0x00007ff821340000 	C:\Windows\System32\sechost.dll
0x00007ff820c50000 - 0x00007ff820d73000 	C:\Windows\System32\RPCRT4.dll
0x00007ff8204d0000 - 0x00007ff8204f7000 	C:\Windows\System32\bcrypt.dll
0x00007ffff62f0000 - 0x00007ffff639c000 	C:\Program Files (x86)\360\Total Security\safemon\libzdtp64.dll
0x00007ff821990000 - 0x00007ff8220ff000 	C:\Windows\System32\SHELL32.dll
0x00007ff820740000 - 0x00007ff820795000 	C:\Windows\System32\SHLWAPI.dll
0x00007ff81f710000 - 0x00007ff81f71a000 	C:\Windows\SYSTEM32\VERSION.dll
0x00007ff81d230000 - 0x00007ff81d23c000 	C:\Program Files\Java\jdk-22\bin\vcruntime140_1.dll
0x00007fffe7b50000 - 0x00007fffe7bde000 	C:\Program Files\Java\jdk-22\bin\msvcp140.dll
0x00007fffc36e0000 - 0x00007fffc4429000 	C:\Program Files\Java\jdk-22\bin\server\jvm.dll
0x00007ff820aa0000 - 0x00007ff820b0b000 	C:\Windows\System32\WS2_32.dll
0x00007ff81fa80000 - 0x00007ff81facb000 	C:\Windows\SYSTEM32\POWRPROF.dll
0x00007ff814a10000 - 0x00007ff814a37000 	C:\Windows\SYSTEM32\WINMM.dll
0x00007ff81fa60000 - 0x00007ff81fa72000 	C:\Windows\SYSTEM32\UMPDC.dll
0x00007ff81da30000 - 0x00007ff81da42000 	C:\Windows\SYSTEM32\kernel.appcore.dll
0x00007ff81c150000 - 0x00007ff81c15a000 	C:\Program Files\Java\jdk-22\bin\jimage.dll
0x00007ff815e80000 - 0x00007ff816064000 	C:\Windows\SYSTEM32\DBGHELP.DLL
0x00007ff80bd60000 - 0x00007ff80bd94000 	C:\Windows\SYSTEM32\dbgcore.DLL
0x00007ff81fde0000 - 0x00007ff81fe62000 	C:\Windows\System32\bcryptPrimitives.dll
0x00007ff819fc0000 - 0x00007ff819fde000 	C:\Program Files\Java\jdk-22\bin\java.dll
0x00007ff820890000 - 0x00007ff8209bb000 	C:\Windows\System32\ole32.dll
0x00007ff821450000 - 0x00007ff8217a3000 	C:\Windows\System32\combase.dll

dbghelp: loaded successfully - version: 4.0.5 - missing functions: none
symbol engine: initialized successfully - sym options: 0x614 - pdb path: .;C:\Program Files\Java\jdk-22\bin;C:\Windows\SYSTEM32;C:\Windows\WinSxS\amd64_microsoft.windows.common-controls_6595b64144ccf1df_6.0.19041.4355_none_60b8b9eb71f62e16;C:\Program Files (x86)\360\Total Security\safemon;C:\Program Files\Java\jdk-22\bin\server

VM Arguments:
java_command: practicaTema1.NumberCounter
java_class_path (initial): ./bin
Launcher Type: SUN_STANDARD

[Global flags]
     intx CICompilerCount                          = 4                                         {product} {ergonomic}
     uint ConcGCThreads                            = 3                                         {product} {ergonomic}
     uint G1ConcRefinementThreads                  = 10                                        {product} {ergonomic}
   size_t G1HeapRegionSize                         = 4194304                                   {product} {ergonomic}
   size_t InitialHeapSize                          = 327155712                                 {product} {ergonomic}
   size_t MarkStackSize                            = 4194304                                   {product} {ergonomic}
   size_t MaxHeapSize                              = 5200936960                                {product} {ergonomic}
   size_t MinHeapDeltaBytes                        = 4194304                                   {product} {ergonomic}
   size_t MinHeapSize                              = 8388608                                   {product} {ergonomic}
    uintx NonNMethodCodeHeapSize                   = 5839372                                {pd product} {ergonomic}
    uintx NonProfiledCodeHeapSize                  = 122909434                              {pd product} {ergonomic}
    uintx ProfiledCodeHeapSize                     = 122909434                              {pd product} {ergonomic}
    uintx ReservedCodeCacheSize                    = 251658240                              {pd product} {ergonomic}
     bool SegmentedCodeCache                       = true                                      {product} {ergonomic}
   size_t SoftMaxHeapSize                          = 5200936960                             {manageable} {ergonomic}
     bool UseCompressedOops                        = true                           {product lp64_product} {ergonomic}
     bool UseG1GC                                  = true                                      {product} {ergonomic}
     bool UseLargePagesIndividualAllocation        = false                                  {pd product} {ergonomic}

Logging:
Log output configuration:
 #0: stdout all=warning uptime,level,tags foldmultilines=false
 #1: stderr all=off uptime,level,tags foldmultilines=false

Environment Variables:
JAVA_HOME=C:\Program Files\Java\jdk-22
PATH=C:\VulkanSDK\1.3.290.0\Bin;C:\Users\blanc\Escritorio\WINDOWS.X64_213000_db_home\bin;C:\Program Files\Common Files\Oracle\Java\javapath;C:\Program Files\ImageMagick-7.1.1-Q16-HDRI;C:\Windows\system32;C:\Windows;C:\Windows\System32\Wbem;C:\Windows\System32\WindowsPowerShell\v1.0\;C:\Windows\System32\OpenSSH\;C:\program files (x86)\skype\Phone\;C:\Program Files\AutoFirma\AutoFirma;C:\Program Files (x86)\NVIDIA Corporation\PhysX\Common;C:\Program Files\dotnet\;C:\Program Files\Git\cmd;C:\Program Files\Git LFS;C:\Program Files\Java\jdk-1.8\bin;;C:\Program Files\NVIDIA Corporation\NVIDIA app\NvDLISR;C:\Users\blanc\AppData\Local\Programs\Python\Launcher\;C:\Users\blanc\AppData\Local\Microsoft\WindowsApps;C:\Users\blanc\.dotnet\tools;C:\Users\blanc\AppData\Local\Programs\Microsoft VS Code\bin
USERNAME=Mikey
OS=Windows_NT
PROCESSOR_IDENTIFIER=AMD64 Family 23 Model 96 Stepping 1, AuthenticAMD
TMP=C:\Users\blanc\AppData\Local\Temp
TEMP=C:\Users\blanc\AppData\Local\Temp




Periodic native trim disabled

---------------  S Y S T E M  ---------------

OS:
 Windows 10 , 64 bit Build 19041 (10.0.19041.4842)
OS uptime: 3 days 9:37 hours

CPU: total 12 (initial active 12) (12 cores per cpu, 2 threads per core) family 23 model 96 stepping 1 microcode 0x0, cx8, cmov, fxsr, ht, mmx, 3dnowpref, sse, sse2, sse3, ssse3, sse4a, sse4.1, sse4.2, popcnt, lzcnt, tsc, tscinvbit, avx, avx2, aes, clmul, bmi1, bmi2, adx, sha, fma, vzeroupper, clflush, clflushopt, rdtscp, rdpid, f16c
Processor Information for processor 0
  Max Mhz: 3000, Current Mhz: 3000, Mhz Limit: 3000
Processor Information for processor 1
  Max Mhz: 3000, Current Mhz: 3000, Mhz Limit: 3000
Processor Information for processor 2
  Max Mhz: 3000, Current Mhz: 3000, Mhz Limit: 3000
Processor Information for processor 3
  Max Mhz: 3000, Current Mhz: 3000, Mhz Limit: 3000
Processor Information for processor 4
  Max Mhz: 3000, Current Mhz: 3000, Mhz Limit: 3000
Processor Information for processor 5
  Max Mhz: 3000, Current Mhz: 3000, Mhz Limit: 3000
Processor Information for processor 6
  Max Mhz: 3000, Current Mhz: 1400, Mhz Limit: 3000
Processor Information for processor 7
  Max Mhz: 3000, Current Mhz: 1400, Mhz Limit: 3000
Processor Information for processor 8
  Max Mhz: 3000, Current Mhz: 1400, Mhz Limit: 3000
Processor Information for processor 9
  Max Mhz: 3000, Current Mhz: 1400, Mhz Limit: 3000
Processor Information for processor 10
  Max Mhz: 3000, Current Mhz: 1400, Mhz Limit: 3000
Processor Information for processor 11
  Max Mhz: 3000, Current Mhz: 1400, Mhz Limit: 3000

Memory: 4k page, system-wide physical 19828M (5551M free)
TotalPageFile size 81268M (AvailPageFile size 81M)
current process WorkingSet (physical memory assigned to process): 12M, peak: 12M
current process commit charge ("private bytes"): 64M, peak: 376M

vm_info: Java HotSpot(TM) 64-Bit Server VM (22.0.2+9-70) for windows-amd64 JRE (22.0.2+9-70), built on 2024-06-04T16:52:23Z by "mach5one" with MS VC++ 17.6 (VS2022)

END.
